                      :-) GROMACS - gmx mdrun, 2024.3 (-:

Copyright 1991-2024 The GROMACS Authors.
GROMACS is free software; you can redistribute it and/or modify it
under the terms of the GNU Lesser General Public License
as published by the Free Software Foundation; either version 2.1
of the License, or (at your option) any later version.

                         Current GROMACS contributors:
       Mark Abraham           Andrey Alekseenko           Vladimir Basov      
      Cathrine Bergh            Eliane Briand               Ania Brown        
      Mahesh Doijade            Giacomo Fiorin          Stefan Fleischmann    
      Sergey Gorelov         Gilles Gouaillardet            Alan Gray         
     M. Eric Irrgang         Farzaneh Jalalypour            Joe Jordan        
     Carsten Kutzner           Justin A. Lemkul          Magnus Lundborg      
       Pascal Merz              Vedran Miletic            Dmitry Morozov      
       Julien Nabet              Szilard Pall        Andrea Pasquadibisceglie 
    Michele Pellegrino          Hubert Santuz             Roland Schulz       
     Tatiana Shugaeva          Alexey Shvetsov            Philip Turner       
     Alessandra Villa      Sebastian Wingbermuehle  

                         Previous GROMACS contributors:
        Emile Apol             Rossen Apostolov           James Barnett       
        Paul Bauer          Herman J.C. Berendsen          Par Bjelkmar       
      Christian Blau          Viacheslav Bolnykh            Kevin Boyd        
    Aldert van Buuren          Carlo Camilloni           Rudi van Drunen      
      Anton Feenstra           Oliver Fleetwood            Vytas Gapsys       
       Gaurav Garg             Gerrit Groenhof            Bert de Groot       
      Anca Hamuraru           Vincent Hindriksen          Victor Holanda      
     Aleksei Iupinov          Christoph Junghans        Prashanth Kanduri     
   Dimitrios Karkoulis           Peter Kasson             Sebastian Kehl      
     Sebastian Keller             Jiri Kraus               Per Larsson        
      Viveca Lindahl            Erik Marklund           Pieter Meulenhoff     
      Teemu Murtola              Sander Pronk             Michael Shirts      
      Alfons Sijbers            Balint Soproni         David van der Spoel    
      Peter Tieleman            Carsten Uphoff             Jon Vincent        
     Teemu Virolainen         Christian Wennberg           Maarten Wolf       
      Artem Zhmurov       

                  Coordinated by the GROMACS project leaders:
                           Berk Hess and Erik Lindahl

GROMACS:      gmx mdrun, version 2024.3
Executable:   /local_home/leontyev/programs/bin/gromacs/gromacs-2024.3/bin/gmx
Data prefix:  /local_home/leontyev/programs/bin/gromacs/gromacs-2024.3
Working dir:  /home/leontyev/systems/projects/Proteins_FEP/PD-1/MD/OUTPUT/228434.InProt_solv-tip4pew_box60A_T298/NVT
Process ID:   228505
Command line:
  gmx mdrun -gpu_id 1 -nb gpu -bonded gpu -pme gpu -update cpu -ntomp 8 -s out.tpr -deffnm out -e .//out.edr -o .//out.trr -x .//out.xtc -c out_nvt.gro -g out.log

GROMACS version:     2024.3
Precision:           mixed
Memory model:        64 bit
MPI library:         none
OpenMP support:      enabled (GMX_OPENMP_MAX_THREADS = 128)
GPU support:         CUDA
NBNxM GPU setup:     super-cluster 2x2x2 / cluster 8
SIMD instructions:   AVX2_256
CPU FFT library:     fftw-3.3.10-sse2
GPU FFT library:     cuFFT
Multi-GPU FFT:       none
RDTSCP usage:        enabled
TNG support:         enabled
Hwloc support:       disabled
Tracing support:     disabled
C compiler:          /usr/bin/cc GNU 11.4.0
C compiler flags:    -fexcess-precision=fast -funroll-all-loops -mavx2 -mfma -Wno-missing-field-initializers -O3 -DNDEBUG
C++ compiler:        /usr/bin/c++ GNU 11.4.0
C++ compiler flags:  -fexcess-precision=fast -funroll-all-loops -mavx2 -mfma -Wno-missing-field-initializers -Wno-cast-function-type-strict -fopenmp -O3 -DNDEBUG
BLAS library:        Internal
LAPACK library:      Internal
CUDA compiler:       /usr/local/cuda-12.6/bin/nvcc nvcc: NVIDIA (R) Cuda compiler driver;Copyright (c) 2005-2024 NVIDIA Corporation;Built on Wed_Aug_14_10:10:22_PDT_2024;Cuda compilation tools, release 12.6, V12.6.68;Build cuda_12.6.r12.6/compiler.34714021_0
CUDA compiler flags:-std=c++17;--generate-code=arch=compute_50,code=sm_50;--generate-code=arch=compute_52,code=sm_52;--generate-code=arch=compute_60,code=sm_60;--generate-code=arch=compute_61,code=sm_61;--generate-code=arch=compute_70,code=sm_70;--generate-code=arch=compute_75,code=sm_75;--generate-code=arch=compute_80,code=sm_80;--generate-code=arch=compute_86,code=sm_86;--generate-code=arch=compute_89,code=sm_89;--generate-code=arch=compute_90,code=sm_90;-Wno-deprecated-gpu-targets;--generate-code=arch=compute_53,code=sm_53;--generate-code=arch=compute_80,code=sm_80;-use_fast_math;-Xptxas;-warn-double-usage;-Xptxas;-Werror;-D_FORCE_INLINES;-Xcompiler;-fopenmp;-fexcess-precision=fast -funroll-all-loops -mavx2 -mfma -Wno-missing-field-initializers -Wno-cast-function-type-strict -fopenmp -O3 -DNDEBUG
CUDA driver:         12.60
CUDA runtime:        12.60


Running on 1 node with total 64 cores, 128 processing units, 4 compatible GPUs
Hardware detected on host aas-gpu-cluster:
  CPU info:
    Vendor: AMD
    Brand:  AMD EPYC 7502 32-Core Processor                
    Family: 23   Model: 49   Stepping: 0
    Features: aes amd apic avx avx2 clfsh cmov cx8 cx16 f16c fma htt lahf misalignsse mmx msr nonstop_tsc pclmuldq pdpe1gb popcnt pse rdrnd rdtscp sha sse2 sse3 sse4a sse4.1 sse4.2 ssse3
  Hardware topology: Basic
    Packages, cores, and logical processors:
    [indices refer to OS logical processors]
      Package  0: [   0  64] [   1  65] [   2  66] [   3  67] [   4  68] [   5  69] [   6  70] [   7  71] [   8  72] [   9  73] [  10  74] [  11  75] [  12  76] [  13  77] [  14  78] [  15  79] [  16  80] [  17  81] [  18  82] [  19  83] [  20  84] [  21  85] [  22  86] [  23  87] [  24  88] [  25  89] [  26  90] [  27  91] [  28  92] [  29  93] [  30  94] [  31  95] [  32  96] [  33  97] [  34  98] [  35  99] [  36 100] [  37 101] [  38 102] [  39 103] [  40 104] [  41 105] [  42 106] [  43 107] [  44 108] [  45 109] [  46 110] [  47 111] [  48 112] [  49 113] [  50 114] [  51 115] [  52 116] [  53 117] [  54 118] [  55 119] [  56 120] [  57 121] [  58 122] [  59 123] [  60 124] [  61 125] [  62 126] [  63 127]
    CPU limit set by OS: -1   Recommended max number of threads: 128
  GPU info:
    Number of GPUs detected: 4
    #0: NVIDIA NVIDIA GeForce RTX 3080, compute cap.: 8.6, ECC:  no, stat: compatible
    #1: NVIDIA NVIDIA GeForce RTX 3080, compute cap.: 8.6, ECC:  no, stat: compatible
    #2: NVIDIA NVIDIA GeForce RTX 3080, compute cap.: 8.6, ECC:  no, stat: compatible
    #3: NVIDIA NVIDIA GeForce RTX 3080, compute cap.: 8.6, ECC:  no, stat: compatible


++++ PLEASE READ AND CITE THE FOLLOWING REFERENCE ++++
M. J. Abraham, T. Murtola, R. Schulz, S. Páll, J. C. Smith, B. Hess, E.
Lindahl
GROMACS: High performance molecular simulations through multi-level
parallelism from laptops to supercomputers
SoftwareX 1 (2015) pp. 19-25
-------- -------- --- Thank You --- -------- --------


++++ PLEASE READ AND CITE THE FOLLOWING REFERENCE ++++
S. Páll, M. J. Abraham, C. Kutzner, B. Hess, E. Lindahl
Tackling Exascale Software Challenges in Molecular Dynamics Simulations with
GROMACS
In S. Markidis & E. Laure (Eds.), Solving Software Challenges for Exascale 8759 (2015) pp. 3-27
-------- -------- --- Thank You --- -------- --------


++++ PLEASE READ AND CITE THE FOLLOWING REFERENCE ++++
S. Pronk, S. Páll, R. Schulz, P. Larsson, P. Bjelkmar, R. Apostolov, M. R.
Shirts, J. C. Smith, P. M. Kasson, D. van der Spoel, B. Hess, and E. Lindahl
GROMACS 4.5: a high-throughput and highly parallel open source molecular
simulation toolkit
Bioinformatics 29 (2013) pp. 845-54
-------- -------- --- Thank You --- -------- --------


++++ PLEASE READ AND CITE THE FOLLOWING REFERENCE ++++
B. Hess and C. Kutzner and D. van der Spoel and E. Lindahl
GROMACS 4: Algorithms for highly efficient, load-balanced, and scalable
molecular simulation
J. Chem. Theory Comput. 4 (2008) pp. 435-447
-------- -------- --- Thank You --- -------- --------


++++ PLEASE READ AND CITE THE FOLLOWING REFERENCE ++++
D. van der Spoel, E. Lindahl, B. Hess, G. Groenhof, A. E. Mark and H. J. C.
Berendsen
GROMACS: Fast, Flexible and Free
J. Comp. Chem. 26 (2005) pp. 1701-1719
-------- -------- --- Thank You --- -------- --------


++++ PLEASE READ AND CITE THE FOLLOWING REFERENCE ++++
E. Lindahl and B. Hess and D. van der Spoel
GROMACS 3.0: A package for molecular simulation and trajectory analysis
J. Mol. Mod. 7 (2001) pp. 306-317
-------- -------- --- Thank You --- -------- --------


++++ PLEASE READ AND CITE THE FOLLOWING REFERENCE ++++
H. J. C. Berendsen, D. van der Spoel and R. van Drunen
GROMACS: A message-passing parallel molecular dynamics implementation
Comp. Phys. Comm. 91 (1995) pp. 43-56
-------- -------- --- Thank You --- -------- --------


++++ PLEASE CITE THE DOI FOR THIS VERSION OF GROMACS ++++
https://doi.org/10.5281/zenodo.13456374
-------- -------- --- Thank You --- -------- --------

Input Parameters:
   integrator                     = md
   tinit                          = 0
   dt                             = 0.0005
   nsteps                         = 200000
   init-step                      = 0
   simulation-part                = 1
   mts                            = false
   mass-repartition-factor        = 1
   comm-mode                      = Linear
   nstcomm                        = 5
   bd-fric                        = 0
   ld-seed                        = -20463622
   emtol                          = 10
   emstep                         = 0.01
   niter                          = 20
   fcstep                         = 0
   nstcgsteep                     = 1000
   nbfgscorr                      = 10
   rtpi                           = 0.05
   nstxout                        = 10000000
   nstvout                        = 10000000
   nstfout                        = 0
   nstlog                         = 2000
   nstcalcenergy                  = 100
   nstenergy                      = 1000
   nstxout-compressed             = 20000
   compressed-x-precision         = 1000
   cutoff-scheme                  = Verlet
   nstlist                        = 5
   pbc                            = xyz
   periodic-molecules             = false
   verlet-buffer-tolerance        = 0.005
   verlet-buffer-pressure-tolerance = 0.5
   rlist                          = 0.9
   coulombtype                    = PME
   coulomb-modifier               = Potential-shift
   rcoulomb-switch                = 0.9
   rcoulomb                       = 0.9
   epsilon-r                      = 1
   epsilon-rf                     = inf
   vdw-type                       = Cut-off
   vdw-modifier                   = Potential-shift
   rvdw-switch                    = 1
   rvdw                           = 0.9
   DispCorr                       = EnerPres
   table-extension                = 1
   fourierspacing                 = 0.12
   fourier-nx                     = 52
   fourier-ny                     = 60
   fourier-nz                     = 60
   pme-order                      = 4
   ewald-rtol                     = 1e-05
   ewald-rtol-lj                  = 0.001
   lj-pme-comb-rule               = Geometric
   ewald-geometry                 = 3d
   epsilon-surface                = 0
   ensemble-temperature-setting   = constant
   ensemble-temperature           = 298
   tcoupl                         = V-rescale
   nsttcouple                     = 5
   nh-chain-length                = 0
   print-nose-hoover-chain-variables = false
   pcoupl                         = No
   refcoord-scaling               = All
   posres-com (3):
      posres-com[0]= 0.00000e+00
      posres-com[1]= 0.00000e+00
      posres-com[2]= 0.00000e+00
   posres-comB (3):
      posres-comB[0]= 0.00000e+00
      posres-comB[1]= 0.00000e+00
      posres-comB[2]= 0.00000e+00
   QMMM                           = false
qm-opts:
   ngQM                           = 0
   constraint-algorithm           = Lincs
   continuation                   = false
   Shake-SOR                      = false
   shake-tol                      = 0.0001
   lincs-order                    = 12
   lincs-iter                     = 1
   lincs-warnangle                = 30
   nwall                          = 0
   wall-type                      = 9-3
   wall-r-linpot                  = -1
   wall-atomtype[0]               = -1
   wall-atomtype[1]               = -1
   wall-density[0]                = 0
   wall-density[1]                = 0
   wall-ewald-zfac                = 3
   pull                           = false
   awh                            = false
   rotation                       = false
   interactiveMD                  = false
   disre                          = Simple
   disre-weighting                = Conservative
   disre-mixed                    = false
   dr-fc                          = 1000
   dr-tau                         = 0
   nstdisreout                    = 100
   orire-fc                       = 0
   orire-tau                      = 0
   nstorireout                    = 100
   free-energy                    = no
   cos-acceleration               = 0
   deform (3x3):
      deform[    0]={ 0.00000e+00,  0.00000e+00,  0.00000e+00}
      deform[    1]={ 0.00000e+00,  0.00000e+00,  0.00000e+00}
      deform[    2]={ 0.00000e+00,  0.00000e+00,  0.00000e+00}
   simulated-tempering            = false
   swapcoords                     = no
   userint1                       = 0
   userint2                       = 0
   userint3                       = 0
   userint4                       = 0
   userreal1                      = 0
   userreal2                      = 0
   userreal3                      = 0
   userreal4                      = 0
   applied-forces:
     electric-field:
       x:
         E0                       = 0
         omega                    = 0
         t0                       = 0
         sigma                    = 0
       y:
         E0                       = 0
         omega                    = 0
         t0                       = 0
         sigma                    = 0
       z:
         E0                       = 0
         omega                    = 0
         t0                       = 0
         sigma                    = 0
     density-guided-simulation:
       active                     = false
       group                      = protein
       similarity-measure         = inner-product
       atom-spreading-weight      = unity
       force-constant             = 1e+09
       gaussian-transform-spreading-width = 0.2
       gaussian-transform-spreading-range-in-multiples-of-width = 4
       reference-density-filename = reference.mrc
       nst                        = 1
       normalize-densities        = true
       adaptive-force-scaling     = false
       adaptive-force-scaling-time-constant = 4
       shift-vector               = 
       transformation-matrix      = 
     qmmm-cp2k:
       active                     = false
       qmgroup                    = System
       qmmethod                   = PBE
       qmfilenames                = 
       qmcharge                   = 0
       qmmultiplicity             = 1
     colvars:
       active                     = false
       configfile                 = 
       seed                       = -1
grpopts:
   nrdf:     4568.71     43011.3
   ref-t:         298         298
   tau-t:           1           1
annealing:          No          No
annealing-npoints:           0           0
   acc:	           0           0           0
   nfreeze:           N           N           N
   energygrp-flags[  0]: 0

Changing nstlist from 5 to 100, rlist from 0.9 to 0.952

When checking whether update groups are usable:
  Domain decomposition is not active, so there is no need for update groups
1 GPU selected for this run.
Mapping of GPU IDs to the 2 GPU tasks in the 1 rank on this node:
  PP:1,PME:1
PP tasks will do (non-perturbed) short-ranged and most bonded interactions on the GPU
PP task will update and constrain coordinates on the CPU
PME tasks will do all aspects on the GPU
Using 8 OpenMP threads 

System total charge: 0.000
Will do PME sum in reciprocal space for electrostatic interactions.

++++ PLEASE READ AND CITE THE FOLLOWING REFERENCE ++++
U. Essmann, L. Perera, M. L. Berkowitz, T. Darden, H. Lee and L. G. Pedersen 
A smooth particle mesh Ewald method
J. Chem. Phys. 103 (1995) pp. 8577-8592
-------- -------- --- Thank You --- -------- --------

Using a Gaussian width (1/beta) of 0.288146 nm for Ewald
Potential shift: LJ r^-12: -3.541e+00 r^-6: -1.882e+00, Ewald -1.111e-05
Initialized non-bonded Coulomb Ewald tables, spacing: 8.85e-04 size: 1018

Generated table with 975 data points for 1-4 COUL.
Tabscale = 500 points/nm
Generated table with 975 data points for 1-4 LJ6.
Tabscale = 500 points/nm
Generated table with 975 data points for 1-4 LJ12.
Tabscale = 500 points/nm
Long Range LJ corr.: <C6> 1.9984e-04


Using GPU 8x8 nonbonded short-range kernels

Using a dual 8x8 pair-list setup updated with dynamic, rolling pruning:
  outer list: updated every 100 steps, buffer 0.052 nm, rlist 0.952 nm
  inner list: updated every  36 steps, buffer 0.001 nm, rlist 0.901 nm
At tolerance 0.005 kJ/mol/ps per atom, equivalent classical 1x1 list would be:
  outer list: updated every 100 steps, buffer 0.136 nm, rlist 1.036 nm
  inner list: updated every  36 steps, buffer 0.036 nm, rlist 0.936 nm

The average pressure is off by at most 0.44 bar due to missing LJ interactions

Using Lorentz-Berthelot Lennard-Jones combination rule
Removing pbc first time

NOTE: The number of threads is not equal to the number of (logical) cpus
      and the -pin option is set to auto: will not pin threads to cpus.
      This can lead to significant performance degradation.
      Consider using -pin on (and -pinoffset in case you run multiple jobs).

Initializing LINear Constraint Solver

++++ PLEASE READ AND CITE THE FOLLOWING REFERENCE ++++
B. Hess and H. Bekker and H. J. C. Berendsen and J. G. E. M. Fraaije
LINCS: A Linear Constraint Solver for molecular simulations
J. Comp. Chem. 18 (1997) pp. 1463-1472
-------- -------- --- Thank You --- -------- --------

The number of constraints is 897

++++ PLEASE READ AND CITE THE FOLLOWING REFERENCE ++++
S. Miyamoto and P. A. Kollman
SETTLE: An Analytical Version of the SHAKE and RATTLE Algorithms for Rigid
Water Models
J. Comp. Chem. 13 (1992) pp. 952-962
-------- -------- --- Thank You --- -------- --------


++++ PLEASE READ AND CITE THE FOLLOWING REFERENCE ++++
G. Bussi, D. Donadio and M. Parrinello
Canonical sampling through velocity rescaling
J. Chem. Phys. 126 (2007) pp. 014101
-------- -------- --- Thank You --- -------- --------

There are: 23301 Atoms
There are: 7141 VSites

Constraining the starting coordinates (step 0)

Constraining the coordinates at t0-dt (step 0)
Center of mass motion removal mode is Linear
We have the following groups for center of mass motion removal:
  0:  rest
RMS relative constraint deviation after constraining: 1.35e-06
Initial temperature: 199.342 K

Started mdrun on rank 0 Mon Nov 10 10:11:01 2025

           Step           Time
              0        0.00000

   Energies (kJ/mol)
           Bond          Angle    Proper Dih. Per. Imp. Dih.      CMAP Dih.
    2.69455e+02    8.55925e+02    2.11364e+03    5.74613e+01    3.41223e+02
          LJ-14     Coulomb-14        LJ (SR)  Disper. corr.   Coulomb (SR)
    1.51992e+03    1.27719e+04    1.13021e+05   -3.49543e+03   -5.57490e+05
   Coul. recip. Position Rest.      Potential    Kinetic En.   Total Energy
    4.50229e+03    3.46423e+02   -4.25187e+05    3.94297e+04   -3.85757e+05
  Conserved En.    Temperature Pres. DC (bar) Pressure (bar)   Constr. rmsd
   -3.85757e+05    1.99340e+02   -1.91281e+02    4.29578e+03    1.24698e-06

           Step           Time
           2000        1.00000

   Energies (kJ/mol)
           Bond          Angle    Proper Dih. Per. Imp. Dih.      CMAP Dih.
    9.64858e+02    2.47536e+03    2.41807e+03    1.46145e+02    3.53120e+02
          LJ-14     Coulomb-14        LJ (SR)  Disper. corr.   Coulomb (SR)
    1.64302e+03    1.27792e+04    7.25925e+04   -3.49543e+03   -4.86778e+05
   Coul. recip. Position Rest.      Potential    Kinetic En.   Total Energy
    4.08118e+03    5.21943e+02   -3.92298e+05    3.65076e+04   -3.55790e+05
  Conserved En.    Temperature Pres. DC (bar) Pressure (bar)   Constr. rmsd
   -3.85731e+05    1.84567e+02   -1.91281e+02   -9.97728e+02    1.28196e-06

           Step           Time
           4000        2.00000

   Energies (kJ/mol)
           Bond          Angle    Proper Dih. Per. Imp. Dih.      CMAP Dih.
    1.14904e+03    2.87984e+03    2.52615e+03    1.65411e+02    3.38389e+02
          LJ-14     Coulomb-14        LJ (SR)  Disper. corr.   Coulomb (SR)
    1.71091e+03    1.27715e+04    7.04524e+04   -3.49543e+03   -4.76140e+05
   Coul. recip. Position Rest.      Potential    Kinetic En.   Total Energy
    3.96091e+03    4.90324e+02   -3.83190e+05    4.56010e+04   -3.37589e+05
  Conserved En.    Temperature Pres. DC (bar) Pressure (bar)   Constr. rmsd
   -3.85732e+05    2.30540e+02   -1.91281e+02   -5.32490e+02    1.29506e-06

           Step           Time
           6000        3.00000

   Energies (kJ/mol)
           Bond          Angle    Proper Dih. Per. Imp. Dih.      CMAP Dih.
    1.15780e+03    3.08689e+03    2.57042e+03    2.07599e+02    3.57230e+02
          LJ-14     Coulomb-14        LJ (SR)  Disper. corr.   Coulomb (SR)
    1.64649e+03    1.25611e+04    6.80605e+04   -3.49543e+03   -4.69118e+05
   Coul. recip. Position Rest.      Potential    Kinetic En.   Total Energy
    4.14201e+03    5.51592e+02   -3.78272e+05    5.04360e+04   -3.27836e+05
  Conserved En.    Temperature Pres. DC (bar) Pressure (bar)   Constr. rmsd
   -3.85733e+05    2.54984e+02   -1.91281e+02   -4.55009e+02    1.27032e-06

           Step           Time
           8000        4.00000

   Energies (kJ/mol)
           Bond          Angle    Proper Dih. Per. Imp. Dih.      CMAP Dih.
    1.30173e+03    3.29103e+03    2.60328e+03    2.21333e+02    3.36406e+02
          LJ-14     Coulomb-14        LJ (SR)  Disper. corr.   Coulomb (SR)
    1.75308e+03    1.24863e+04    6.52716e+04   -3.49543e+03   -4.61870e+05
   Coul. recip. Position Rest.      Potential    Kinetic En.   Total Energy
    4.05446e+03    5.46819e+02   -3.73499e+05    5.28558e+04   -3.20643e+05
  Conserved En.    Temperature Pres. DC (bar) Pressure (bar)   Constr. rmsd
   -3.85729e+05    2.67217e+02   -1.91281e+02   -5.63491e+02    1.32229e-06

step 8300: timed with pme grid 52 60 60, coulomb cutoff 0.900: 152.2 M-cycles
step 8500: timed with pme grid 48 52 52, coulomb cutoff 1.020: 157.6 M-cycles
step 8700: timed with pme grid 42 48 48, coulomb cutoff 1.105: 153.1 M-cycles
step 8900: timed with pme grid 40 42 42, coulomb cutoff 1.263: 171.7 M-cycles
step 9100: timed with pme grid 40 44 42, coulomb cutoff 1.248: 168.7 M-cycles
step 9300: timed with pme grid 40 44 44, coulomb cutoff 1.206: 165.6 M-cycles
step 9500: timed with pme grid 40 48 44, coulomb cutoff 1.191: 163.6 M-cycles
step 9700: timed with pme grid 40 48 48, coulomb cutoff 1.153: 162.3 M-cycles
step 9900: timed with pme grid 42 48 48, coulomb cutoff 1.105: 157.4 M-cycles
           Step           Time
          10000        5.00000

   Energies (kJ/mol)
           Bond          Angle    Proper Dih. Per. Imp. Dih.      CMAP Dih.
    1.31298e+03    3.39262e+03    2.65008e+03    2.37353e+02    3.68241e+02
          LJ-14     Coulomb-14        LJ (SR)  Disper. corr.   Coulomb (SR)
    1.71856e+03    1.25410e+04    6.58133e+04   -3.49543e+03   -4.57903e+05
   Coul. recip. Position Rest.      Potential    Kinetic En.   Total Energy
    2.11964e+03    4.95126e+02   -3.70749e+05    5.49857e+04   -3.15763e+05
  Conserved En.    Temperature Pres. DC (bar) Pressure (bar)   Constr. rmsd
   -3.85708e+05    2.77985e+02   -1.91281e+02   -2.27677e+02    1.29956e-06

step 10100: timed with pme grid 42 52 48, coulomb cutoff 1.098: 167.6 M-cycles
step 10300: timed with pme grid 44 52 52, coulomb cutoff 1.048: 163.4 M-cycles
step 10500: timed with pme grid 48 52 52, coulomb cutoff 1.020: 161.4 M-cycles
step 10700: timed with pme grid 48 56 52, coulomb cutoff 1.008: 158.2 M-cycles
step 10900: timed with pme grid 48 56 56, coulomb cutoff 0.961: 152.3 M-cycles
step 11100: timed with pme grid 52 56 56, coulomb cutoff 0.947: 157.6 M-cycles
step 11300: timed with pme grid 52 60 56, coulomb cutoff 0.936: 156.6 M-cycles
step 11500: timed with pme grid 52 60 60, coulomb cutoff 0.900: 154.5 M-cycles
              optimal pme grid 52 60 60, coulomb cutoff 0.900
           Step           Time
          12000        6.00000

   Energies (kJ/mol)
           Bond          Angle    Proper Dih. Per. Imp. Dih.      CMAP Dih.
    1.37249e+03    3.54128e+03    2.58928e+03    2.19024e+02    3.51918e+02
          LJ-14     Coulomb-14        LJ (SR)  Disper. corr.   Coulomb (SR)
    1.71809e+03    1.26422e+04    6.23286e+04   -3.49543e+03   -4.54455e+05
   Coul. recip. Position Rest.      Potential    Kinetic En.   Total Energy
    4.04728e+03    5.64149e+02   -3.68576e+05    5.66350e+04   -3.11941e+05
  Conserved En.    Temperature Pres. DC (bar) Pressure (bar)   Constr. rmsd
   -3.85729e+05    2.86323e+02   -1.91281e+02   -7.93698e+02    1.29691e-06

           Step           Time
          14000        7.00000

   Energies (kJ/mol)
           Bond          Angle    Proper Dih. Per. Imp. Dih.      CMAP Dih.
    1.27174e+03    3.51945e+03    2.58571e+03    2.29641e+02    3.43893e+02
          LJ-14     Coulomb-14        LJ (SR)  Disper. corr.   Coulomb (SR)
    1.73818e+03    1.26873e+04    6.21857e+04   -3.49543e+03   -4.53211e+05
   Coul. recip. Position Rest.      Potential    Kinetic En.   Total Energy
    4.15888e+03    5.05778e+02   -3.67480e+05    5.76971e+04   -3.09783e+05
  Conserved En.    Temperature Pres. DC (bar) Pressure (bar)   Constr. rmsd
   -3.85727e+05    2.91693e+02   -1.91281e+02   -4.29778e+02    1.33163e-06

           Step           Time
          16000        8.00000

   Energies (kJ/mol)
           Bond          Angle    Proper Dih. Per. Imp. Dih.      CMAP Dih.
    1.49070e+03    3.49275e+03    2.67464e+03    2.49603e+02    3.53737e+02
          LJ-14     Coulomb-14        LJ (SR)  Disper. corr.   Coulomb (SR)
    1.68076e+03    1.25707e+04    6.25202e+04   -3.49543e+03   -4.52488e+05
   Coul. recip. Position Rest.      Potential    Kinetic En.   Total Energy
    4.09963e+03    5.74626e+02   -3.66277e+05    5.76471e+04   -3.08630e+05
  Conserved En.    Temperature Pres. DC (bar) Pressure (bar)   Constr. rmsd
   -3.85724e+05    2.91440e+02   -1.91281e+02   -4.57592e+02    1.31513e-06

           Step           Time
          18000        9.00000

   Energies (kJ/mol)
           Bond          Angle    Proper Dih. Per. Imp. Dih.      CMAP Dih.
    1.32456e+03    3.47028e+03    2.60001e+03    2.33544e+02    3.60844e+02
          LJ-14     Coulomb-14        LJ (SR)  Disper. corr.   Coulomb (SR)
    1.72065e+03    1.27300e+04    6.22150e+04   -3.49543e+03   -4.51802e+05
   Coul. recip. Position Rest.      Potential    Kinetic En.   Total Energy
    3.99832e+03    5.31313e+02   -3.66113e+05    5.82368e+04   -3.07876e+05
  Conserved En.    Temperature Pres. DC (bar) Pressure (bar)   Constr. rmsd
   -3.85725e+05    2.94421e+02   -1.91281e+02   -2.06023e+02    1.35009e-06

           Step           Time
          20000       10.00000

   Energies (kJ/mol)
           Bond          Angle    Proper Dih. Per. Imp. Dih.      CMAP Dih.
    1.31998e+03    3.62268e+03    2.59362e+03    2.43138e+02    3.69104e+02
          LJ-14     Coulomb-14        LJ (SR)  Disper. corr.   Coulomb (SR)
    1.67284e+03    1.25171e+04    6.08824e+04   -3.49543e+03   -4.49868e+05
   Coul. recip. Position Rest.      Potential    Kinetic En.   Total Energy
    4.00329e+03    4.79534e+02   -3.65660e+05    5.80463e+04   -3.07614e+05
  Conserved En.    Temperature Pres. DC (bar) Pressure (bar)   Constr. rmsd
   -3.85724e+05    2.93458e+02   -1.91281e+02   -4.79283e+02    1.32822e-06

           Step           Time
          22000       11.00000

   Energies (kJ/mol)
           Bond          Angle    Proper Dih. Per. Imp. Dih.      CMAP Dih.
    1.40676e+03    3.52557e+03    2.66393e+03    2.43971e+02    3.60907e+02
          LJ-14     Coulomb-14        LJ (SR)  Disper. corr.   Coulomb (SR)
    1.74237e+03    1.24464e+04    6.20177e+04   -3.49543e+03   -4.51554e+05
   Coul. recip. Position Rest.      Potential    Kinetic En.   Total Energy
    4.01225e+03    5.15840e+02   -3.66114e+05    5.86789e+04   -3.07435e+05
  Conserved En.    Temperature Pres. DC (bar) Pressure (bar)   Constr. rmsd
   -3.85723e+05    2.96656e+02   -1.91281e+02   -1.74774e+02    1.34290e-06

           Step           Time
          24000       12.00000

   Energies (kJ/mol)
           Bond          Angle    Proper Dih. Per. Imp. Dih.      CMAP Dih.
    1.36673e+03    3.51370e+03    2.65334e+03    2.22143e+02    3.58223e+02
          LJ-14     Coulomb-14        LJ (SR)  Disper. corr.   Coulomb (SR)
    1.69008e+03    1.24607e+04    6.17405e+04   -3.49543e+03   -4.51087e+05
   Coul. recip. Position Rest.      Potential    Kinetic En.   Total Energy
    4.10687e+03    5.40792e+02   -3.65930e+05    5.82899e+04   -3.07640e+05
  Conserved En.    Temperature Pres. DC (bar) Pressure (bar)   Constr. rmsd
   -3.85720e+05    2.94689e+02   -1.91281e+02   -3.18688e+02    1.38744e-06

           Step           Time
          26000       13.00000

   Energies (kJ/mol)
           Bond          Angle    Proper Dih. Per. Imp. Dih.      CMAP Dih.
    1.35664e+03    3.60916e+03    2.60780e+03    2.42349e+02    3.39907e+02
          LJ-14     Coulomb-14        LJ (SR)  Disper. corr.   Coulomb (SR)
    1.67302e+03    1.26133e+04    6.14848e+04   -3.49543e+03   -4.51092e+05
   Coul. recip. Position Rest.      Potential    Kinetic En.   Total Energy
    3.98525e+03    5.60350e+02   -3.66115e+05    5.88378e+04   -3.07277e+05
  Conserved En.    Temperature Pres. DC (bar) Pressure (bar)   Constr. rmsd
   -3.85720e+05    2.97459e+02   -1.91281e+02   -4.41305e+02    1.34159e-06

           Step           Time
          28000       14.00000

   Energies (kJ/mol)
           Bond          Angle    Proper Dih. Per. Imp. Dih.      CMAP Dih.
    1.45586e+03    3.57811e+03    2.60022e+03    2.40101e+02    3.57738e+02
          LJ-14     Coulomb-14        LJ (SR)  Disper. corr.   Coulomb (SR)
    1.69566e+03    1.25263e+04    6.17441e+04   -3.49543e+03   -4.51036e+05
   Coul. recip. Position Rest.      Potential    Kinetic En.   Total Energy
    3.97750e+03    4.72310e+02   -3.65884e+05    5.86080e+04   -3.07276e+05
  Conserved En.    Temperature Pres. DC (bar) Pressure (bar)   Constr. rmsd
   -3.85716e+05    2.96298e+02   -1.91281e+02   -3.74818e+02    1.32886e-06

           Step           Time
          30000       15.00000

   Energies (kJ/mol)
           Bond          Angle    Proper Dih. Per. Imp. Dih.      CMAP Dih.
    1.38744e+03    3.47458e+03    2.69505e+03    2.26826e+02    3.47257e+02
          LJ-14     Coulomb-14        LJ (SR)  Disper. corr.   Coulomb (SR)
    1.74391e+03    1.27162e+04    6.13977e+04   -3.49543e+03   -4.50500e+05
   Coul. recip. Position Rest.      Potential    Kinetic En.   Total Energy
    3.92879e+03    4.64368e+02   -3.65613e+05    5.85428e+04   -3.07071e+05
  Conserved En.    Temperature Pres. DC (bar) Pressure (bar)   Constr. rmsd
   -3.85719e+05    2.95968e+02   -1.91281e+02   -1.53935e+02    1.33598e-06

           Step           Time
          32000       16.00000

   Energies (kJ/mol)
           Bond          Angle    Proper Dih. Per. Imp. Dih.      CMAP Dih.
    1.33845e+03    3.67261e+03    2.68249e+03    2.50980e+02    3.46963e+02
          LJ-14     Coulomb-14        LJ (SR)  Disper. corr.   Coulomb (SR)
    1.77458e+03    1.27338e+04    6.19460e+04   -3.49543e+03   -4.51105e+05
   Coul. recip. Position Rest.      Potential    Kinetic En.   Total Energy
    3.97946e+03    5.14124e+02   -3.65361e+05    5.91452e+04   -3.06216e+05
  Conserved En.    Temperature Pres. DC (bar) Pressure (bar)   Constr. rmsd
   -3.85718e+05    2.99013e+02   -1.91281e+02   -1.71250e+02    1.30741e-06

           Step           Time
          34000       17.00000

   Energies (kJ/mol)
           Bond          Angle    Proper Dih. Per. Imp. Dih.      CMAP Dih.
    1.30780e+03    3.52585e+03    2.69873e+03    2.47920e+02    3.53103e+02
          LJ-14     Coulomb-14        LJ (SR)  Disper. corr.   Coulomb (SR)
    1.72733e+03    1.26826e+04    6.12722e+04   -3.49543e+03   -4.49872e+05
   Coul. recip. Position Rest.      Potential    Kinetic En.   Total Energy
    3.93863e+03    5.63964e+02   -3.65049e+05    5.95870e+04   -3.05462e+05
  Conserved En.    Temperature Pres. DC (bar) Pressure (bar)   Constr. rmsd
   -3.85716e+05    3.01247e+02   -1.91281e+02   -2.07030e+02    1.30881e-06

           Step           Time
          36000       18.00000

   Energies (kJ/mol)
           Bond          Angle    Proper Dih. Per. Imp. Dih.      CMAP Dih.
    1.45231e+03    3.40985e+03    2.69204e+03    2.53463e+02    3.72187e+02
          LJ-14     Coulomb-14        LJ (SR)  Disper. corr.   Coulomb (SR)
    1.69220e+03    1.25094e+04    6.09122e+04   -3.49543e+03   -4.49802e+05
   Coul. recip. Position Rest.      Potential    Kinetic En.   Total Energy
    3.97209e+03    5.22453e+02   -3.65509e+05    5.95999e+04   -3.05909e+05
  Conserved En.    Temperature Pres. DC (bar) Pressure (bar)   Constr. rmsd
   -3.85715e+05    3.01313e+02   -1.91281e+02   -4.92216e+02    1.37453e-06

           Step           Time
          38000       19.00000

   Energies (kJ/mol)
           Bond          Angle    Proper Dih. Per. Imp. Dih.      CMAP Dih.
    1.49156e+03    3.60517e+03    2.61734e+03    2.18364e+02    3.65659e+02
          LJ-14     Coulomb-14        LJ (SR)  Disper. corr.   Coulomb (SR)
    1.75500e+03    1.26706e+04    6.10219e+04   -3.49543e+03   -4.50018e+05
   Coul. recip. Position Rest.      Potential    Kinetic En.   Total Energy
    3.92364e+03    4.82361e+02   -3.65362e+05    5.93533e+04   -3.06008e+05
  Conserved En.    Temperature Pres. DC (bar) Pressure (bar)   Constr. rmsd
   -3.85714e+05    3.00066e+02   -1.91281e+02   -3.47021e+02    1.31438e-06

           Step           Time
          40000       20.00000

   Energies (kJ/mol)
           Bond          Angle    Proper Dih. Per. Imp. Dih.      CMAP Dih.
    1.46325e+03    3.48201e+03    2.60086e+03    2.21369e+02    3.65437e+02
          LJ-14     Coulomb-14        LJ (SR)  Disper. corr.   Coulomb (SR)
    1.72542e+03    1.26553e+04    6.19034e+04   -3.49543e+03   -4.51033e+05
   Coul. recip. Position Rest.      Potential    Kinetic En.   Total Energy
    3.93662e+03    4.77917e+02   -3.65697e+05    5.95136e+04   -3.06183e+05
  Conserved En.    Temperature Pres. DC (bar) Pressure (bar)   Constr. rmsd
   -3.85712e+05    3.00876e+02   -1.91281e+02   -1.42465e+02    1.37757e-06

           Step           Time
          42000       21.00000

   Energies (kJ/mol)
           Bond          Angle    Proper Dih. Per. Imp. Dih.      CMAP Dih.
    1.49645e+03    3.59817e+03    2.65589e+03    2.50295e+02    3.76408e+02
          LJ-14     Coulomb-14        LJ (SR)  Disper. corr.   Coulomb (SR)
    1.71099e+03    1.26388e+04    6.07546e+04   -3.49543e+03   -4.49427e+05
   Coul. recip. Position Rest.      Potential    Kinetic En.   Total Energy
    3.98901e+03    4.89397e+02   -3.64962e+05    5.88377e+04   -3.06124e+05
  Conserved En.    Temperature Pres. DC (bar) Pressure (bar)   Constr. rmsd
   -3.85710e+05    2.97459e+02   -1.91281e+02   -2.97252e+02    1.39903e-06

           Step           Time
          44000       22.00000

   Energies (kJ/mol)
           Bond          Angle    Proper Dih. Per. Imp. Dih.      CMAP Dih.
    1.49798e+03    3.47839e+03    2.63206e+03    2.20395e+02    3.52111e+02
          LJ-14     Coulomb-14        LJ (SR)  Disper. corr.   Coulomb (SR)
    1.67546e+03    1.25913e+04    6.00483e+04   -3.49543e+03   -4.49868e+05
   Coul. recip. Position Rest.      Potential    Kinetic En.   Total Energy
    3.88268e+03    5.33160e+02   -3.66452e+05    5.96834e+04   -3.06768e+05
  Conserved En.    Temperature Pres. DC (bar) Pressure (bar)   Constr. rmsd
   -3.85707e+05    3.01734e+02   -1.91281e+02   -5.64677e+02    1.33492e-06

           Step           Time
          46000       23.00000

   Energies (kJ/mol)
           Bond          Angle    Proper Dih. Per. Imp. Dih.      CMAP Dih.
    1.44854e+03    3.47698e+03    2.69652e+03    2.01954e+02    3.62352e+02
          LJ-14     Coulomb-14        LJ (SR)  Disper. corr.   Coulomb (SR)
    1.70840e+03    1.24671e+04    6.08331e+04   -3.49543e+03   -4.50850e+05
   Coul. recip. Position Rest.      Potential    Kinetic En.   Total Energy
    3.78362e+03    5.04371e+02   -3.66863e+05    5.90066e+04   -3.07856e+05
  Conserved En.    Temperature Pres. DC (bar) Pressure (bar)   Constr. rmsd
   -3.85706e+05    2.98313e+02   -1.91281e+02   -5.47072e+02    1.29472e-06

           Step           Time
          48000       24.00000

   Energies (kJ/mol)
           Bond          Angle    Proper Dih. Per. Imp. Dih.      CMAP Dih.
    1.38877e+03    3.54917e+03    2.66445e+03    2.30996e+02    3.73691e+02
          LJ-14     Coulomb-14        LJ (SR)  Disper. corr.   Coulomb (SR)
    1.73650e+03    1.26019e+04    6.07214e+04   -3.49543e+03   -4.51653e+05
   Coul. recip. Position Rest.      Potential    Kinetic En.   Total Energy
    3.86746e+03    5.10951e+02   -3.67503e+05    5.96519e+04   -3.07851e+05
  Conserved En.    Temperature Pres. DC (bar) Pressure (bar)   Constr. rmsd
   -3.85703e+05    3.01575e+02   -1.91281e+02   -5.43501e+02    1.33450e-06

           Step           Time
          50000       25.00000

   Energies (kJ/mol)
           Bond          Angle    Proper Dih. Per. Imp. Dih.      CMAP Dih.
    1.33872e+03    3.46632e+03    2.58845e+03    1.95389e+02    3.44355e+02
          LJ-14     Coulomb-14        LJ (SR)  Disper. corr.   Coulomb (SR)
    1.71120e+03    1.26693e+04    6.14833e+04   -3.49543e+03   -4.52954e+05
   Coul. recip. Position Rest.      Potential    Kinetic En.   Total Energy
    3.85342e+03    4.81804e+02   -3.68317e+05    5.92244e+04   -3.09092e+05
  Conserved En.    Temperature Pres. DC (bar) Pressure (bar)   Constr. rmsd
   -3.85702e+05    2.99414e+02   -1.91281e+02   -4.31054e+02    1.36801e-06

           Step           Time
          52000       26.00000

   Energies (kJ/mol)
           Bond          Angle    Proper Dih. Per. Imp. Dih.      CMAP Dih.
    1.56046e+03    3.54018e+03    2.63138e+03    2.31981e+02    3.66451e+02
          LJ-14     Coulomb-14        LJ (SR)  Disper. corr.   Coulomb (SR)
    1.73128e+03    1.24387e+04    6.08974e+04   -3.49543e+03   -4.51473e+05
   Coul. recip. Position Rest.      Potential    Kinetic En.   Total Energy
    3.88455e+03    4.90855e+02   -3.67195e+05    5.81077e+04   -3.09088e+05
  Conserved En.    Temperature Pres. DC (bar) Pressure (bar)   Constr. rmsd
   -3.85699e+05    2.93768e+02   -1.91281e+02   -3.10110e+02    1.30822e-06

           Step           Time
          54000       27.00000

   Energies (kJ/mol)
           Bond          Angle    Proper Dih. Per. Imp. Dih.      CMAP Dih.
    1.45047e+03    3.59695e+03    2.60484e+03    2.45170e+02    3.83244e+02
          LJ-14     Coulomb-14        LJ (SR)  Disper. corr.   Coulomb (SR)
    1.72218e+03    1.25112e+04    6.07040e+04   -3.49543e+03   -4.51549e+05
   Coul. recip. Position Rest.      Potential    Kinetic En.   Total Energy
    3.90423e+03    4.84040e+02   -3.67438e+05    5.87508e+04   -3.08687e+05
  Conserved En.    Temperature Pres. DC (bar) Pressure (bar)   Constr. rmsd
   -3.85701e+05    2.97020e+02   -1.91281e+02   -4.81987e+02    1.28588e-06

           Step           Time
          56000       28.00000

   Energies (kJ/mol)
           Bond          Angle    Proper Dih. Per. Imp. Dih.      CMAP Dih.
    1.41899e+03    3.43315e+03    2.66513e+03    2.40634e+02    3.60520e+02
          LJ-14     Coulomb-14        LJ (SR)  Disper. corr.   Coulomb (SR)
    1.71066e+03    1.27289e+04    6.00576e+04   -3.49543e+03   -4.50120e+05
   Coul. recip. Position Rest.      Potential    Kinetic En.   Total Energy
    3.86782e+03    4.79969e+02   -3.66652e+05    5.85974e+04   -3.08054e+05
  Conserved En.    Temperature Pres. DC (bar) Pressure (bar)   Constr. rmsd
   -3.85698e+05    2.96244e+02   -1.91281e+02   -5.84126e+02    1.36050e-06

           Step           Time
          58000       29.00000

   Energies (kJ/mol)
           Bond          Angle    Proper Dih. Per. Imp. Dih.      CMAP Dih.
    1.37502e+03    3.33674e+03    2.60829e+03    2.34173e+02    3.40255e+02
          LJ-14     Coulomb-14        LJ (SR)  Disper. corr.   Coulomb (SR)
    1.74754e+03    1.27017e+04    6.17360e+04   -3.49543e+03   -4.52796e+05
   Coul. recip. Position Rest.      Potential    Kinetic En.   Total Energy
    3.85961e+03    5.23527e+02   -3.67829e+05    5.90808e+04   -3.08748e+05
  Conserved En.    Temperature Pres. DC (bar) Pressure (bar)   Constr. rmsd
   -3.85698e+05    2.98688e+02   -1.91281e+02   -1.95882e+02    1.33883e-06

           Step           Time
          60000       30.00000

   Energies (kJ/mol)
           Bond          Angle    Proper Dih. Per. Imp. Dih.      CMAP Dih.
    1.40780e+03    3.59151e+03    2.60499e+03    2.41395e+02    3.64664e+02
          LJ-14     Coulomb-14        LJ (SR)  Disper. corr.   Coulomb (SR)
    1.75069e+03    1.26422e+04    6.03518e+04   -3.49543e+03   -4.51002e+05
   Coul. recip. Position Rest.      Potential    Kinetic En.   Total Energy
    3.88525e+03    5.32628e+02   -3.67124e+05    5.90068e+04   -3.08117e+05
  Conserved En.    Temperature Pres. DC (bar) Pressure (bar)   Constr. rmsd
   -3.85698e+05    2.98314e+02   -1.91281e+02   -5.71061e+02    1.37966e-06

           Step           Time
          62000       31.00000

   Energies (kJ/mol)
           Bond          Angle    Proper Dih. Per. Imp. Dih.      CMAP Dih.
    1.36056e+03    3.38772e+03    2.57846e+03    2.14080e+02    3.77885e+02
          LJ-14     Coulomb-14        LJ (SR)  Disper. corr.   Coulomb (SR)
    1.73358e+03    1.24720e+04    6.16076e+04   -3.49543e+03   -4.52266e+05
   Coul. recip. Position Rest.      Potential    Kinetic En.   Total Energy
    3.89454e+03    5.28964e+02   -3.67607e+05    5.90702e+04   -3.08536e+05
  Conserved En.    Temperature Pres. DC (bar) Pressure (bar)   Constr. rmsd
   -3.85697e+05    2.98635e+02   -1.91281e+02   -2.26613e+02    1.38209e-06

           Step           Time
          64000       32.00000

   Energies (kJ/mol)
           Bond          Angle    Proper Dih. Per. Imp. Dih.      CMAP Dih.
    1.32517e+03    3.68006e+03    2.64500e+03    2.39444e+02    3.46101e+02
          LJ-14     Coulomb-14        LJ (SR)  Disper. corr.   Coulomb (SR)
    1.78313e+03    1.28003e+04    6.04608e+04   -3.49543e+03   -4.50808e+05
   Coul. recip. Position Rest.      Potential    Kinetic En.   Total Energy
    3.86176e+03    5.36114e+02   -3.66626e+05    5.88117e+04   -3.07814e+05
  Conserved En.    Temperature Pres. DC (bar) Pressure (bar)   Constr. rmsd
   -3.85694e+05    2.97328e+02   -1.91281e+02   -2.94100e+02    1.28866e-06

           Step           Time
          66000       33.00000

   Energies (kJ/mol)
           Bond          Angle    Proper Dih. Per. Imp. Dih.      CMAP Dih.
    1.47954e+03    3.48252e+03    2.65911e+03    2.34422e+02    3.51595e+02
          LJ-14     Coulomb-14        LJ (SR)  Disper. corr.   Coulomb (SR)
    1.72002e+03    1.26541e+04    6.01043e+04   -3.49543e+03   -4.51072e+05
   Coul. recip. Position Rest.      Potential    Kinetic En.   Total Energy
    3.91382e+03    5.55160e+02   -3.67412e+05    5.90188e+04   -3.08394e+05
  Conserved En.    Temperature Pres. DC (bar) Pressure (bar)   Constr. rmsd
   -3.85693e+05    2.98375e+02   -1.91281e+02   -5.33121e+02    1.34667e-06

           Step           Time
          68000       34.00000

   Energies (kJ/mol)
           Bond          Angle    Proper Dih. Per. Imp. Dih.      CMAP Dih.
    1.32987e+03    3.48169e+03    2.58600e+03    2.05346e+02    3.57083e+02
          LJ-14     Coulomb-14        LJ (SR)  Disper. corr.   Coulomb (SR)
    1.69725e+03    1.27221e+04    6.18131e+04   -3.49543e+03   -4.53004e+05
   Coul. recip. Position Rest.      Potential    Kinetic En.   Total Energy
    3.88659e+03    5.50037e+02   -3.67871e+05    5.90774e+04   -3.08793e+05
  Conserved En.    Temperature Pres. DC (bar) Pressure (bar)   Constr. rmsd
   -3.85690e+05    2.98671e+02   -1.91281e+02   -3.56945e+02    1.30064e-06

           Step           Time
          70000       35.00000

   Energies (kJ/mol)
           Bond          Angle    Proper Dih. Per. Imp. Dih.      CMAP Dih.
    1.39216e+03    3.34432e+03    2.64161e+03    2.68432e+02    3.95235e+02
          LJ-14     Coulomb-14        LJ (SR)  Disper. corr.   Coulomb (SR)
    1.67634e+03    1.25595e+04    6.06398e+04   -3.49543e+03   -4.51403e+05
   Coul. recip. Position Rest.      Potential    Kinetic En.   Total Energy
    3.84031e+03    5.19799e+02   -3.67621e+05    5.88782e+04   -3.08742e+05
  Conserved En.    Temperature Pres. DC (bar) Pressure (bar)   Constr. rmsd
   -3.85689e+05    2.97664e+02   -1.91281e+02   -5.06430e+02    1.27538e-06

           Step           Time
          72000       36.00000

   Energies (kJ/mol)
           Bond          Angle    Proper Dih. Per. Imp. Dih.      CMAP Dih.
    1.36991e+03    3.60350e+03    2.68227e+03    2.54440e+02    3.59176e+02
          LJ-14     Coulomb-14        LJ (SR)  Disper. corr.   Coulomb (SR)
    1.67495e+03    1.25958e+04    6.01919e+04   -3.49543e+03   -4.50859e+05
   Coul. recip. Position Rest.      Potential    Kinetic En.   Total Energy
    3.94111e+03    5.28644e+02   -3.67153e+05    5.85618e+04   -3.08591e+05
  Conserved En.    Temperature Pres. DC (bar) Pressure (bar)   Constr. rmsd
   -3.85688e+05    2.96064e+02   -1.91281e+02   -4.76561e+02    1.36497e-06

           Step           Time
          74000       37.00000

   Energies (kJ/mol)
           Bond          Angle    Proper Dih. Per. Imp. Dih.      CMAP Dih.
    1.38057e+03    3.46822e+03    2.56402e+03    2.27734e+02    3.75677e+02
          LJ-14     Coulomb-14        LJ (SR)  Disper. corr.   Coulomb (SR)
    1.72793e+03    1.26689e+04    6.21407e+04   -3.49543e+03   -4.53822e+05
   Coul. recip. Position Rest.      Potential    Kinetic En.   Total Energy
    3.63085e+03    5.26129e+02   -3.68607e+05    5.85101e+04   -3.10096e+05
  Conserved En.    Temperature Pres. DC (bar) Pressure (bar)   Constr. rmsd
   -3.85686e+05    2.95803e+02   -1.91281e+02   -6.18490e+01    1.30074e-06

           Step           Time
          76000       38.00000

   Energies (kJ/mol)
           Bond          Angle    Proper Dih. Per. Imp. Dih.      CMAP Dih.
    1.24846e+03    3.43415e+03    2.67462e+03    2.16480e+02    3.58962e+02
          LJ-14     Coulomb-14        LJ (SR)  Disper. corr.   Coulomb (SR)
    1.77127e+03    1.26649e+04    6.06733e+04   -3.49543e+03   -4.51737e+05
   Coul. recip. Position Rest.      Potential    Kinetic En.   Total Energy
    3.64224e+03    5.42286e+02   -3.68006e+05    5.84893e+04   -3.09517e+05
  Conserved En.    Temperature Pres. DC (bar) Pressure (bar)   Constr. rmsd
   -3.85685e+05    2.95698e+02   -1.91281e+02   -3.11316e+02    1.37404e-06

           Step           Time
          78000       39.00000

   Energies (kJ/mol)
           Bond          Angle    Proper Dih. Per. Imp. Dih.      CMAP Dih.
    1.44759e+03    3.53476e+03    2.66052e+03    2.75865e+02    3.38707e+02
          LJ-14     Coulomb-14        LJ (SR)  Disper. corr.   Coulomb (SR)
    1.69061e+03    1.25819e+04    6.07293e+04   -3.49543e+03   -4.51184e+05
   Coul. recip. Position Rest.      Potential    Kinetic En.   Total Energy
    3.80715e+03    6.03312e+02   -3.67010e+05    5.88355e+04   -3.08174e+05
  Conserved En.    Temperature Pres. DC (bar) Pressure (bar)   Constr. rmsd
   -3.85682e+05    2.97448e+02   -1.91281e+02   -5.19953e+02    1.39637e-06

           Step           Time
          80000       40.00000

   Energies (kJ/mol)
           Bond          Angle    Proper Dih. Per. Imp. Dih.      CMAP Dih.
    1.40735e+03    3.38764e+03    2.69701e+03    2.35419e+02    3.57799e+02
          LJ-14     Coulomb-14        LJ (SR)  Disper. corr.   Coulomb (SR)
    1.70891e+03    1.25522e+04    6.12686e+04   -3.49543e+03   -4.51561e+05
   Coul. recip. Position Rest.      Potential    Kinetic En.   Total Energy
    3.79172e+03    5.51621e+02   -3.67098e+05    5.88729e+04   -3.08225e+05
  Conserved En.    Temperature Pres. DC (bar) Pressure (bar)   Constr. rmsd
   -3.85680e+05    2.97637e+02   -1.91281e+02   -4.09099e+02    1.25327e-06

           Step           Time
          82000       41.00000

   Energies (kJ/mol)
           Bond          Angle    Proper Dih. Per. Imp. Dih.      CMAP Dih.
    1.39380e+03    3.46187e+03    2.65018e+03    2.36954e+02    3.65403e+02
          LJ-14     Coulomb-14        LJ (SR)  Disper. corr.   Coulomb (SR)
    1.78446e+03    1.26422e+04    6.16831e+04   -3.49543e+03   -4.52588e+05
   Coul. recip. Position Rest.      Potential    Kinetic En.   Total Energy
    3.87893e+03    5.30914e+02   -3.67455e+05    5.90600e+04   -3.08395e+05
  Conserved En.    Temperature Pres. DC (bar) Pressure (bar)   Constr. rmsd
   -3.85682e+05    2.98583e+02   -1.91281e+02   -2.18280e+02    1.29062e-06

           Step           Time
          84000       42.00000

   Energies (kJ/mol)
           Bond          Angle    Proper Dih. Per. Imp. Dih.      CMAP Dih.
    1.50619e+03    3.63228e+03    2.62302e+03    2.26289e+02    3.44796e+02
          LJ-14     Coulomb-14        LJ (SR)  Disper. corr.   Coulomb (SR)
    1.70543e+03    1.26342e+04    6.02835e+04   -3.49543e+03   -4.50735e+05
   Coul. recip. Position Rest.      Potential    Kinetic En.   Total Energy
    3.79743e+03    5.48750e+02   -3.66929e+05    5.98098e+04   -3.07119e+05
  Conserved En.    Temperature Pres. DC (bar) Pressure (bar)   Constr. rmsd
   -3.85679e+05    3.02373e+02   -1.91281e+02   -3.26902e+02    1.38765e-06

           Step           Time
          86000       43.00000

   Energies (kJ/mol)
           Bond          Angle    Proper Dih. Per. Imp. Dih.      CMAP Dih.
    1.36823e+03    3.57063e+03    2.66885e+03    2.19352e+02    3.47693e+02
          LJ-14     Coulomb-14        LJ (SR)  Disper. corr.   Coulomb (SR)
    1.73553e+03    1.27967e+04    6.18220e+04   -3.49543e+03   -4.52339e+05
   Coul. recip. Position Rest.      Potential    Kinetic En.   Total Energy
    3.76970e+03    4.73454e+02   -3.67062e+05    5.89838e+04   -3.08079e+05
  Conserved En.    Temperature Pres. DC (bar) Pressure (bar)   Constr. rmsd
   -3.85676e+05    2.98198e+02   -1.91281e+02   -1.03698e+02    1.36333e-06

           Step           Time
          88000       44.00000

   Energies (kJ/mol)
           Bond          Angle    Proper Dih. Per. Imp. Dih.      CMAP Dih.
    1.48700e+03    3.50955e+03    2.68654e+03    2.39911e+02    3.39581e+02
          LJ-14     Coulomb-14        LJ (SR)  Disper. corr.   Coulomb (SR)
    1.71975e+03    1.25521e+04    6.00901e+04   -3.49543e+03   -4.50411e+05
   Coul. recip. Position Rest.      Potential    Kinetic En.   Total Energy
    3.89462e+03    5.29220e+02   -3.66858e+05    5.91245e+04   -3.07734e+05
  Conserved En.    Temperature Pres. DC (bar) Pressure (bar)   Constr. rmsd
   -3.85675e+05    2.98909e+02   -1.91281e+02   -4.99292e+02    1.32825e-06

           Step           Time
          90000       45.00000

   Energies (kJ/mol)
           Bond          Angle    Proper Dih. Per. Imp. Dih.      CMAP Dih.
    1.28823e+03    3.53374e+03    2.64806e+03    2.09371e+02    3.57601e+02
          LJ-14     Coulomb-14        LJ (SR)  Disper. corr.   Coulomb (SR)
    1.66612e+03    1.26283e+04    6.13912e+04   -3.49543e+03   -4.52121e+05
   Coul. recip. Position Rest.      Potential    Kinetic En.   Total Energy
    3.77063e+03    5.25621e+02   -3.67598e+05    5.92406e+04   -3.08357e+05
  Conserved En.    Temperature Pres. DC (bar) Pressure (bar)   Constr. rmsd
   -3.85676e+05    2.99496e+02   -1.91281e+02   -3.35813e+02    1.34183e-06

           Step           Time
          92000       46.00000

   Energies (kJ/mol)
           Bond          Angle    Proper Dih. Per. Imp. Dih.      CMAP Dih.
    1.27246e+03    3.62060e+03    2.64635e+03    2.26053e+02    3.81742e+02
          LJ-14     Coulomb-14        LJ (SR)  Disper. corr.   Coulomb (SR)
    1.68129e+03    1.26080e+04    6.10178e+04   -3.49543e+03   -4.51586e+05
   Coul. recip. Position Rest.      Potential    Kinetic En.   Total Energy
    3.94548e+03    4.85458e+02   -3.67196e+05    5.90679e+04   -3.08128e+05
  Conserved En.    Temperature Pres. DC (bar) Pressure (bar)   Constr. rmsd
   -3.85673e+05    2.98623e+02   -1.91281e+02   -2.51852e+02    1.33669e-06

           Step           Time
          94000       47.00000

   Energies (kJ/mol)
           Bond          Angle    Proper Dih. Per. Imp. Dih.      CMAP Dih.
    1.36035e+03    3.54893e+03    2.67825e+03    2.22037e+02    3.68902e+02
          LJ-14     Coulomb-14        LJ (SR)  Disper. corr.   Coulomb (SR)
    1.71589e+03    1.27633e+04    6.07301e+04   -3.49543e+03   -4.51488e+05
   Coul. recip. Position Rest.      Potential    Kinetic En.   Total Energy
    3.84488e+03    5.06854e+02   -3.67244e+05    5.88907e+04   -3.08354e+05
  Conserved En.    Temperature Pres. DC (bar) Pressure (bar)   Constr. rmsd
   -3.85673e+05    2.97727e+02   -1.91281e+02   -4.31422e+02    1.34368e-06

           Step           Time
          96000       48.00000

   Energies (kJ/mol)
           Bond          Angle    Proper Dih. Per. Imp. Dih.      CMAP Dih.
    1.36239e+03    3.45058e+03    2.58379e+03    2.38616e+02    3.76759e+02
          LJ-14     Coulomb-14        LJ (SR)  Disper. corr.   Coulomb (SR)
    1.74219e+03    1.27225e+04    6.09905e+04   -3.49543e+03   -4.51853e+05
   Coul. recip. Position Rest.      Potential    Kinetic En.   Total Energy
    3.86290e+03    4.72862e+02   -3.67546e+05    5.87966e+04   -3.08749e+05
  Conserved En.    Temperature Pres. DC (bar) Pressure (bar)   Constr. rmsd
   -3.85670e+05    2.97251e+02   -1.91281e+02   -3.56424e+02    1.34969e-06

           Step           Time
          98000       49.00000

   Energies (kJ/mol)
           Bond          Angle    Proper Dih. Per. Imp. Dih.      CMAP Dih.
    1.44934e+03    3.52208e+03    2.64264e+03    2.02169e+02    3.26803e+02
          LJ-14     Coulomb-14        LJ (SR)  Disper. corr.   Coulomb (SR)
    1.66568e+03    1.28077e+04    6.10619e+04   -3.49543e+03   -4.51844e+05
   Coul. recip. Position Rest.      Potential    Kinetic En.   Total Energy
    3.79904e+03    5.29766e+02   -3.67332e+05    5.81565e+04   -3.09175e+05
  Conserved En.    Temperature Pres. DC (bar) Pressure (bar)   Constr. rmsd
   -3.85669e+05    2.94015e+02   -1.91281e+02   -2.94007e+02    1.35082e-06

           Step           Time
         100000       50.00000

   Energies (kJ/mol)
           Bond          Angle    Proper Dih. Per. Imp. Dih.      CMAP Dih.
    1.38270e+03    3.46400e+03    2.61193e+03    2.14097e+02    3.74151e+02
          LJ-14     Coulomb-14        LJ (SR)  Disper. corr.   Coulomb (SR)
    1.72863e+03    1.26168e+04    6.09787e+04   -3.49543e+03   -4.51880e+05
   Coul. recip. Position Rest.      Potential    Kinetic En.   Total Energy
    3.87688e+03    5.09125e+02   -3.67619e+05    5.87723e+04   -3.08846e+05
  Conserved En.    Temperature Pres. DC (bar) Pressure (bar)   Constr. rmsd
   -3.85668e+05    2.97128e+02   -1.91281e+02   -2.77884e+02    1.34472e-06

           Step           Time
         102000       51.00000

   Energies (kJ/mol)
           Bond          Angle    Proper Dih. Per. Imp. Dih.      CMAP Dih.
    1.30256e+03    3.39466e+03    2.65143e+03    2.40483e+02    4.07014e+02
          LJ-14     Coulomb-14        LJ (SR)  Disper. corr.   Coulomb (SR)
    1.73151e+03    1.24446e+04    6.08715e+04   -3.49543e+03   -4.52206e+05
   Coul. recip. Position Rest.      Potential    Kinetic En.   Total Energy
    3.82310e+03    5.13043e+02   -3.68322e+05    5.86752e+04   -3.09647e+05
  Conserved En.    Temperature Pres. DC (bar) Pressure (bar)   Constr. rmsd
   -3.85665e+05    2.96637e+02   -1.91281e+02   -4.17396e+02    1.37544e-06

           Step           Time
         104000       52.00000

   Energies (kJ/mol)
           Bond          Angle    Proper Dih. Per. Imp. Dih.      CMAP Dih.
    1.36018e+03    3.45485e+03    2.61830e+03    2.50807e+02    3.62363e+02
          LJ-14     Coulomb-14        LJ (SR)  Disper. corr.   Coulomb (SR)
    1.73790e+03    1.25516e+04    6.12001e+04   -3.49543e+03   -4.51850e+05
   Coul. recip. Position Rest.      Potential    Kinetic En.   Total Energy
    3.85107e+03    5.10656e+02   -3.67448e+05    5.82185e+04   -3.09229e+05
  Conserved En.    Temperature Pres. DC (bar) Pressure (bar)   Constr. rmsd
   -3.85665e+05    2.94328e+02   -1.91281e+02   -3.12656e+02    1.33946e-06

           Step           Time
         106000       53.00000

   Energies (kJ/mol)
           Bond          Angle    Proper Dih. Per. Imp. Dih.      CMAP Dih.
    1.51192e+03    3.50099e+03    2.60158e+03    2.37569e+02    3.74343e+02
          LJ-14     Coulomb-14        LJ (SR)  Disper. corr.   Coulomb (SR)
    1.71160e+03    1.25401e+04    6.04087e+04   -3.49543e+03   -4.50799e+05
   Coul. recip. Position Rest.      Potential    Kinetic En.   Total Energy
    3.81391e+03    5.00248e+02   -3.67094e+05    5.90648e+04   -3.08029e+05
  Conserved En.    Temperature Pres. DC (bar) Pressure (bar)   Constr. rmsd
   -3.85663e+05    2.98607e+02   -1.91281e+02   -3.59730e+02    1.36010e-06

           Step           Time
         108000       54.00000

   Energies (kJ/mol)
           Bond          Angle    Proper Dih. Per. Imp. Dih.      CMAP Dih.
    1.38566e+03    3.53201e+03    2.61988e+03    2.15400e+02    3.67853e+02
          LJ-14     Coulomb-14        LJ (SR)  Disper. corr.   Coulomb (SR)
    1.67048e+03    1.24238e+04    6.03000e+04   -3.49543e+03   -4.50330e+05
   Coul. recip. Position Rest.      Potential    Kinetic En.   Total Energy
    3.75669e+03    5.33795e+02   -3.67020e+05    5.84422e+04   -3.08577e+05
  Conserved En.    Temperature Pres. DC (bar) Pressure (bar)   Constr. rmsd
   -3.85659e+05    2.95459e+02   -1.91281e+02   -4.30451e+02    1.37916e-06

           Step           Time
         110000       55.00000

   Energies (kJ/mol)
           Bond          Angle    Proper Dih. Per. Imp. Dih.      CMAP Dih.
    1.35808e+03    3.46245e+03    2.62665e+03    2.63587e+02    3.64639e+02
          LJ-14     Coulomb-14        LJ (SR)  Disper. corr.   Coulomb (SR)
    1.72035e+03    1.25855e+04    6.15008e+04   -3.49543e+03   -4.53237e+05
   Coul. recip. Position Rest.      Potential    Kinetic En.   Total Energy
    3.79921e+03    5.37530e+02   -3.68513e+05    5.93440e+04   -3.09169e+05
  Conserved En.    Temperature Pres. DC (bar) Pressure (bar)   Constr. rmsd
   -3.85659e+05    3.00019e+02   -1.91281e+02   -3.02783e+02    1.35366e-06

           Step           Time
         112000       56.00000

   Energies (kJ/mol)
           Bond          Angle    Proper Dih. Per. Imp. Dih.      CMAP Dih.
    1.39156e+03    3.41788e+03    2.59345e+03    2.32190e+02    3.60704e+02
          LJ-14     Coulomb-14        LJ (SR)  Disper. corr.   Coulomb (SR)
    1.69166e+03    1.26854e+04    6.05262e+04   -3.49543e+03   -4.51953e+05
   Coul. recip. Position Rest.      Potential    Kinetic En.   Total Energy
    3.71576e+03    4.70694e+02   -3.68363e+05    5.88184e+04   -3.09544e+05
  Conserved En.    Temperature Pres. DC (bar) Pressure (bar)   Constr. rmsd
   -3.85658e+05    2.97362e+02   -1.91281e+02   -4.56536e+02    1.31820e-06

           Step           Time
         114000       57.00000

   Energies (kJ/mol)
           Bond          Angle    Proper Dih. Per. Imp. Dih.      CMAP Dih.
    1.47253e+03    3.51775e+03    2.66512e+03    2.15128e+02    3.61371e+02
          LJ-14     Coulomb-14        LJ (SR)  Disper. corr.   Coulomb (SR)
    1.69114e+03    1.26350e+04    6.12073e+04   -3.49543e+03   -4.53006e+05
   Coul. recip. Position Rest.      Potential    Kinetic En.   Total Energy
    3.71467e+03    4.77350e+02   -3.68544e+05    5.93266e+04   -3.09217e+05
  Conserved En.    Temperature Pres. DC (bar) Pressure (bar)   Constr. rmsd
   -3.85656e+05    2.99931e+02   -1.91281e+02   -4.50209e+02    1.37957e-06

           Step           Time
         116000       58.00000

   Energies (kJ/mol)
           Bond          Angle    Proper Dih. Per. Imp. Dih.      CMAP Dih.
    1.37180e+03    3.53706e+03    2.64147e+03    2.20900e+02    3.86266e+02
          LJ-14     Coulomb-14        LJ (SR)  Disper. corr.   Coulomb (SR)
    1.71654e+03    1.25151e+04    6.11327e+04   -3.49543e+03   -4.51975e+05
   Coul. recip. Position Rest.      Potential    Kinetic En.   Total Energy
    3.86523e+03    5.20246e+02   -3.67563e+05    5.89549e+04   -3.08608e+05
  Conserved En.    Temperature Pres. DC (bar) Pressure (bar)   Constr. rmsd
   -3.85655e+05    2.98051e+02   -1.91281e+02   -4.15660e+02    1.35080e-06

           Step           Time
         118000       59.00000

   Energies (kJ/mol)
           Bond          Angle    Proper Dih. Per. Imp. Dih.      CMAP Dih.
    1.41220e+03    3.48802e+03    2.64748e+03    2.21319e+02    3.67278e+02
          LJ-14     Coulomb-14        LJ (SR)  Disper. corr.   Coulomb (SR)
    1.72396e+03    1.25572e+04    6.22887e+04   -3.49543e+03   -4.54353e+05
   Coul. recip. Position Rest.      Potential    Kinetic En.   Total Energy
    3.76861e+03    5.14239e+02   -3.68860e+05    5.97171e+04   -3.09142e+05
  Conserved En.    Temperature Pres. DC (bar) Pressure (bar)   Constr. rmsd
   -3.85653e+05    3.01905e+02   -1.91281e+02   -2.33096e+02    1.33065e-06

           Step           Time
         120000       60.00000

   Energies (kJ/mol)
           Bond          Angle    Proper Dih. Per. Imp. Dih.      CMAP Dih.
    1.52247e+03    3.40668e+03    2.61455e+03    2.34823e+02    3.35123e+02
          LJ-14     Coulomb-14        LJ (SR)  Disper. corr.   Coulomb (SR)
    1.72861e+03    1.25214e+04    6.10997e+04   -3.49543e+03   -4.51957e+05
   Coul. recip. Position Rest.      Potential    Kinetic En.   Total Energy
    3.85119e+03    5.02955e+02   -3.67635e+05    5.85098e+04   -3.09125e+05
  Conserved En.    Temperature Pres. DC (bar) Pressure (bar)   Constr. rmsd
   -3.85651e+05    2.95801e+02   -1.91281e+02   -4.02106e+02    1.32251e-06

           Step           Time
         122000       61.00000

   Energies (kJ/mol)
           Bond          Angle    Proper Dih. Per. Imp. Dih.      CMAP Dih.
    1.49727e+03    3.48082e+03    2.58872e+03    2.43906e+02    3.91913e+02
          LJ-14     Coulomb-14        LJ (SR)  Disper. corr.   Coulomb (SR)
    1.68601e+03    1.27819e+04    5.99838e+04   -3.49543e+03   -4.50844e+05
   Coul. recip. Position Rest.      Potential    Kinetic En.   Total Energy
    3.73160e+03    4.53086e+02   -3.67501e+05    5.91840e+04   -3.08317e+05
  Conserved En.    Temperature Pres. DC (bar) Pressure (bar)   Constr. rmsd
   -3.85651e+05    2.99210e+02   -1.91281e+02   -5.08543e+02    1.31141e-06

           Step           Time
         124000       62.00000

   Energies (kJ/mol)
           Bond          Angle    Proper Dih. Per. Imp. Dih.      CMAP Dih.
    1.45926e+03    3.64717e+03    2.70246e+03    2.63789e+02    3.62578e+02
          LJ-14     Coulomb-14        LJ (SR)  Disper. corr.   Coulomb (SR)
    1.67629e+03    1.25961e+04    6.05321e+04   -3.49543e+03   -4.51838e+05
   Coul. recip. Position Rest.      Potential    Kinetic En.   Total Energy
    3.77556e+03    5.08774e+02   -3.67809e+05    5.91330e+04   -3.08676e+05
  Conserved En.    Temperature Pres. DC (bar) Pressure (bar)   Constr. rmsd
   -3.85646e+05    2.98952e+02   -1.91281e+02   -4.85167e+02    1.29916e-06

           Step           Time
         126000       63.00000

   Energies (kJ/mol)
           Bond          Angle    Proper Dih. Per. Imp. Dih.      CMAP Dih.
    1.38146e+03    3.49843e+03    2.58593e+03    2.37354e+02    3.36730e+02
          LJ-14     Coulomb-14        LJ (SR)  Disper. corr.   Coulomb (SR)
    1.68221e+03    1.26592e+04    6.15513e+04   -3.49543e+03   -4.53406e+05
   Coul. recip. Position Rest.      Potential    Kinetic En.   Total Energy
    3.76623e+03    4.91831e+02   -3.68711e+05    5.93087e+04   -3.09402e+05
  Conserved En.    Temperature Pres. DC (bar) Pressure (bar)   Constr. rmsd
   -3.85647e+05    2.99840e+02   -1.91281e+02   -4.67614e+02    1.31798e-06

           Step           Time
         128000       64.00000

   Energies (kJ/mol)
           Bond          Angle    Proper Dih. Per. Imp. Dih.      CMAP Dih.
    1.34411e+03    3.58272e+03    2.65214e+03    2.06888e+02    3.82960e+02
          LJ-14     Coulomb-14        LJ (SR)  Disper. corr.   Coulomb (SR)
    1.69662e+03    1.25373e+04    6.09186e+04   -3.49543e+03   -4.52046e+05
   Coul. recip. Position Rest.      Potential    Kinetic En.   Total Energy
    3.79528e+03    5.19670e+02   -3.67905e+05    5.95540e+04   -3.08351e+05
  Conserved En.    Temperature Pres. DC (bar) Pressure (bar)   Constr. rmsd
   -3.85645e+05    3.01080e+02   -1.91281e+02   -3.42964e+02    1.29600e-06

           Step           Time
         130000       65.00000

   Energies (kJ/mol)
           Bond          Angle    Proper Dih. Per. Imp. Dih.      CMAP Dih.
    1.48030e+03    3.46575e+03    2.70674e+03    2.22070e+02    3.44997e+02
          LJ-14     Coulomb-14        LJ (SR)  Disper. corr.   Coulomb (SR)
    1.68553e+03    1.25948e+04    6.22117e+04   -3.49543e+03   -4.53262e+05
   Coul. recip. Position Rest.      Potential    Kinetic En.   Total Energy
    3.78581e+03    5.60655e+02   -3.67699e+05    5.87198e+04   -3.08980e+05
  Conserved En.    Temperature Pres. DC (bar) Pressure (bar)   Constr. rmsd
   -3.85644e+05    2.96863e+02   -1.91281e+02   -1.67512e+02    1.36269e-06

           Step           Time
         132000       66.00000

   Energies (kJ/mol)
           Bond          Angle    Proper Dih. Per. Imp. Dih.      CMAP Dih.
    1.50024e+03    3.48354e+03    2.66215e+03    2.09144e+02    3.49394e+02
          LJ-14     Coulomb-14        LJ (SR)  Disper. corr.   Coulomb (SR)
    1.73900e+03    1.26278e+04    6.05849e+04   -3.49543e+03   -4.51454e+05
   Coul. recip. Position Rest.      Potential    Kinetic En.   Total Energy
    3.79176e+03    4.95999e+02   -3.67506e+05    5.94752e+04   -3.08031e+05
  Conserved En.    Temperature Pres. DC (bar) Pressure (bar)   Constr. rmsd
   -3.85643e+05    3.00682e+02   -1.91281e+02   -4.96480e+02    1.38865e-06

           Step           Time
         134000       67.00000

   Energies (kJ/mol)
           Bond          Angle    Proper Dih. Per. Imp. Dih.      CMAP Dih.
    1.32391e+03    3.50534e+03    2.71649e+03    2.37318e+02    3.53397e+02
          LJ-14     Coulomb-14        LJ (SR)  Disper. corr.   Coulomb (SR)
    1.71019e+03    1.25724e+04    6.18987e+04   -3.49543e+03   -4.53662e+05
   Coul. recip. Position Rest.      Potential    Kinetic En.   Total Energy
    3.74980e+03    5.24464e+02   -3.68566e+05    5.99165e+04   -3.08649e+05
  Conserved En.    Temperature Pres. DC (bar) Pressure (bar)   Constr. rmsd
   -3.85642e+05    3.02913e+02   -1.91281e+02   -2.58667e+02    1.32918e-06

           Step           Time
         136000       68.00000

   Energies (kJ/mol)
           Bond          Angle    Proper Dih. Per. Imp. Dih.      CMAP Dih.
    1.41740e+03    3.48182e+03    2.63818e+03    2.36282e+02    3.63123e+02
          LJ-14     Coulomb-14        LJ (SR)  Disper. corr.   Coulomb (SR)
    1.69679e+03    1.25518e+04    6.11950e+04   -3.49543e+03   -4.52162e+05
   Coul. recip. Position Rest.      Potential    Kinetic En.   Total Energy
    3.87743e+03    5.11995e+02   -3.67687e+05    5.87375e+04   -3.08950e+05
  Conserved En.    Temperature Pres. DC (bar) Pressure (bar)   Constr. rmsd
   -3.85641e+05    2.96952e+02   -1.91281e+02   -4.40004e+02    1.29262e-06

           Step           Time
         138000       69.00000

   Energies (kJ/mol)
           Bond          Angle    Proper Dih. Per. Imp. Dih.      CMAP Dih.
    1.32064e+03    3.48445e+03    2.65977e+03    2.22536e+02    3.58301e+02
          LJ-14     Coulomb-14        LJ (SR)  Disper. corr.   Coulomb (SR)
    1.67792e+03    1.26514e+04    6.29369e+04   -3.49543e+03   -4.54088e+05
   Coul. recip. Position Rest.      Potential    Kinetic En.   Total Energy
    3.73907e+03    5.10464e+02   -3.68022e+05    5.89131e+04   -3.09109e+05
  Conserved En.    Temperature Pres. DC (bar) Pressure (bar)   Constr. rmsd
   -3.85640e+05    2.97840e+02   -1.91281e+02   -1.63293e+02    1.33428e-06

           Step           Time
         140000       70.00000

   Energies (kJ/mol)
           Bond          Angle    Proper Dih. Per. Imp. Dih.      CMAP Dih.
    1.40661e+03    3.53951e+03    2.62329e+03    2.34720e+02    3.57475e+02
          LJ-14     Coulomb-14        LJ (SR)  Disper. corr.   Coulomb (SR)
    1.71529e+03    1.25284e+04    6.12643e+04   -3.49543e+03   -4.52814e+05
   Coul. recip. Position Rest.      Potential    Kinetic En.   Total Energy
    3.76399e+03    5.27181e+02   -3.68349e+05    5.88519e+04   -3.09497e+05
  Conserved En.    Temperature Pres. DC (bar) Pressure (bar)   Constr. rmsd
   -3.85637e+05    2.97531e+02   -1.91281e+02   -3.31051e+02    1.35841e-06

           Step           Time
         142000       71.00000

   Energies (kJ/mol)
           Bond          Angle    Proper Dih. Per. Imp. Dih.      CMAP Dih.
    1.35948e+03    3.43633e+03    2.67774e+03    2.43362e+02    3.46631e+02
          LJ-14     Coulomb-14        LJ (SR)  Disper. corr.   Coulomb (SR)
    1.69217e+03    1.26228e+04    6.10207e+04   -3.49543e+03   -4.51956e+05
   Coul. recip. Position Rest.      Potential    Kinetic En.   Total Energy
    3.82350e+03    6.02798e+02   -3.67626e+05    5.87358e+04   -3.08890e+05
  Conserved En.    Temperature Pres. DC (bar) Pressure (bar)   Constr. rmsd
   -3.85637e+05    2.96944e+02   -1.91281e+02   -5.96041e+02    1.37439e-06

           Step           Time
         144000       72.00000

   Energies (kJ/mol)
           Bond          Angle    Proper Dih. Per. Imp. Dih.      CMAP Dih.
    1.36221e+03    3.43366e+03    2.59713e+03    2.36541e+02    3.68690e+02
          LJ-14     Coulomb-14        LJ (SR)  Disper. corr.   Coulomb (SR)
    1.75011e+03    1.27063e+04    6.10562e+04   -3.49543e+03   -4.52226e+05
   Coul. recip. Position Rest.      Potential    Kinetic En.   Total Energy
    3.80944e+03    4.97640e+02   -3.67903e+05    5.83062e+04   -3.09597e+05
  Conserved En.    Temperature Pres. DC (bar) Pressure (bar)   Constr. rmsd
   -3.85633e+05    2.94772e+02   -1.91281e+02   -4.55228e+02    1.33046e-06

           Step           Time
         146000       73.00000

   Energies (kJ/mol)
           Bond          Angle    Proper Dih. Per. Imp. Dih.      CMAP Dih.
    1.46626e+03    3.56290e+03    2.55897e+03    2.56026e+02    3.69771e+02
          LJ-14     Coulomb-14        LJ (SR)  Disper. corr.   Coulomb (SR)
    1.72471e+03    1.25622e+04    6.14688e+04   -3.49543e+03   -4.53311e+05
   Coul. recip. Position Rest.      Potential    Kinetic En.   Total Energy
    3.80681e+03    4.80821e+02   -3.68549e+05    5.91429e+04   -3.09406e+05
  Conserved En.    Temperature Pres. DC (bar) Pressure (bar)   Constr. rmsd
   -3.85630e+05    2.99002e+02   -1.91281e+02   -1.89065e+02    1.31850e-06

           Step           Time
         148000       74.00000

   Energies (kJ/mol)
           Bond          Angle    Proper Dih. Per. Imp. Dih.      CMAP Dih.
    1.35354e+03    3.42691e+03    2.66350e+03    2.65826e+02    3.63859e+02
          LJ-14     Coulomb-14        LJ (SR)  Disper. corr.   Coulomb (SR)
    1.66582e+03    1.27823e+04    6.13917e+04   -3.49543e+03   -4.53628e+05
   Coul. recip. Position Rest.      Potential    Kinetic En.   Total Energy
    3.76752e+03    4.99157e+02   -3.68944e+05    5.84595e+04   -3.10484e+05
  Conserved En.    Temperature Pres. DC (bar) Pressure (bar)   Constr. rmsd
   -3.85629e+05    2.95547e+02   -1.91281e+02   -4.09882e+02    1.32447e-06

           Step           Time
         150000       75.00000

   Energies (kJ/mol)
           Bond          Angle    Proper Dih. Per. Imp. Dih.      CMAP Dih.
    1.41028e+03    3.48230e+03    2.60320e+03    2.63489e+02    3.42774e+02
          LJ-14     Coulomb-14        LJ (SR)  Disper. corr.   Coulomb (SR)
    1.68243e+03    1.26467e+04    6.10056e+04   -3.49543e+03   -4.53814e+05
   Coul. recip. Position Rest.      Potential    Kinetic En.   Total Energy
    3.83354e+03    5.07980e+02   -3.69531e+05    5.81260e+04   -3.11405e+05
  Conserved En.    Temperature Pres. DC (bar) Pressure (bar)   Constr. rmsd
   -3.85629e+05    2.93861e+02   -1.91281e+02   -5.15472e+02    1.32356e-06

           Step           Time
         152000       76.00000

   Energies (kJ/mol)
           Bond          Angle    Proper Dih. Per. Imp. Dih.      CMAP Dih.
    1.39661e+03    3.52370e+03    2.70756e+03    2.45445e+02    4.01956e+02
          LJ-14     Coulomb-14        LJ (SR)  Disper. corr.   Coulomb (SR)
    1.70882e+03    1.26641e+04    6.12638e+04   -3.49543e+03   -4.53722e+05
   Coul. recip. Position Rest.      Potential    Kinetic En.   Total Energy
    3.77702e+03    5.12405e+02   -3.69016e+05    5.83459e+04   -3.10670e+05
  Conserved En.    Temperature Pres. DC (bar) Pressure (bar)   Constr. rmsd
   -3.85626e+05    2.94973e+02   -1.91281e+02   -4.34921e+02    1.26644e-06

           Step           Time
         154000       77.00000

   Energies (kJ/mol)
           Bond          Angle    Proper Dih. Per. Imp. Dih.      CMAP Dih.
    1.28607e+03    3.36165e+03    2.63888e+03    2.10550e+02    3.63420e+02
          LJ-14     Coulomb-14        LJ (SR)  Disper. corr.   Coulomb (SR)
    1.69716e+03    1.25407e+04    6.14271e+04   -3.49543e+03   -4.53350e+05
   Coul. recip. Position Rest.      Potential    Kinetic En.   Total Energy
    3.77370e+03    4.62899e+02   -3.69084e+05    5.77003e+04   -3.11383e+05
  Conserved En.    Temperature Pres. DC (bar) Pressure (bar)   Constr. rmsd
   -3.85627e+05    2.91709e+02   -1.91281e+02   -4.43943e+02    1.36022e-06

           Step           Time
         156000       78.00000

   Energies (kJ/mol)
           Bond          Angle    Proper Dih. Per. Imp. Dih.      CMAP Dih.
    1.35799e+03    3.46179e+03    2.66247e+03    2.19170e+02    3.77529e+02
          LJ-14     Coulomb-14        LJ (SR)  Disper. corr.   Coulomb (SR)
    1.68495e+03    1.26697e+04    6.10045e+04   -3.49543e+03   -4.52786e+05
   Coul. recip. Position Rest.      Potential    Kinetic En.   Total Energy
    3.78203e+03    4.65082e+02   -3.68596e+05    5.81418e+04   -3.10454e+05
  Conserved En.    Temperature Pres. DC (bar) Pressure (bar)   Constr. rmsd
   -3.85624e+05    2.93941e+02   -1.91281e+02   -4.40383e+02    1.36555e-06

           Step           Time
         158000       79.00000

   Energies (kJ/mol)
           Bond          Angle    Proper Dih. Per. Imp. Dih.      CMAP Dih.
    1.37841e+03    3.33265e+03    2.64537e+03    2.32091e+02    3.72856e+02
          LJ-14     Coulomb-14        LJ (SR)  Disper. corr.   Coulomb (SR)
    1.73190e+03    1.25367e+04    6.21224e+04   -3.49543e+03   -4.53344e+05
   Coul. recip. Position Rest.      Potential    Kinetic En.   Total Energy
    3.81565e+03    4.77906e+02   -3.68194e+05    5.88002e+04   -3.09394e+05
  Conserved En.    Temperature Pres. DC (bar) Pressure (bar)   Constr. rmsd
   -3.85624e+05    2.97269e+02   -1.91281e+02   -1.95457e+02    1.34459e-06

           Step           Time
         160000       80.00000

   Energies (kJ/mol)
           Bond          Angle    Proper Dih. Per. Imp. Dih.      CMAP Dih.
    1.45861e+03    3.79330e+03    2.66009e+03    2.26168e+02    3.65816e+02
          LJ-14     Coulomb-14        LJ (SR)  Disper. corr.   Coulomb (SR)
    1.74116e+03    1.25285e+04    6.06260e+04   -3.49543e+03   -4.51474e+05
   Coul. recip. Position Rest.      Potential    Kinetic En.   Total Energy
    3.78376e+03    4.89052e+02   -3.67297e+05    5.95173e+04   -3.07780e+05
  Conserved En.    Temperature Pres. DC (bar) Pressure (bar)   Constr. rmsd
   -3.85621e+05    3.00895e+02   -1.91281e+02   -3.94785e+02    1.35450e-06

           Step           Time
         162000       81.00000

   Energies (kJ/mol)
           Bond          Angle    Proper Dih. Per. Imp. Dih.      CMAP Dih.
    1.48374e+03    3.59393e+03    2.61684e+03    2.24300e+02    3.90024e+02
          LJ-14     Coulomb-14        LJ (SR)  Disper. corr.   Coulomb (SR)
    1.77856e+03    1.24971e+04    6.09436e+04   -3.49543e+03   -4.51443e+05
   Coul. recip. Position Rest.      Potential    Kinetic En.   Total Energy
    3.84559e+03    4.68355e+02   -3.67096e+05    5.93387e+04   -3.07758e+05
  Conserved En.    Temperature Pres. DC (bar) Pressure (bar)   Constr. rmsd
   -3.85620e+05    2.99992e+02   -1.91281e+02   -3.19841e+02    1.26639e-06

           Step           Time
         164000       82.00000

   Energies (kJ/mol)
           Bond          Angle    Proper Dih. Per. Imp. Dih.      CMAP Dih.
    1.37838e+03    3.48671e+03    2.66522e+03    2.47753e+02    3.35511e+02
          LJ-14     Coulomb-14        LJ (SR)  Disper. corr.   Coulomb (SR)
    1.73072e+03    1.27307e+04    5.94874e+04   -3.49543e+03   -4.49277e+05
   Coul. recip. Position Rest.      Potential    Kinetic En.   Total Energy
    3.91858e+03    4.08923e+02   -3.66382e+05    5.93292e+04   -3.07053e+05
  Conserved En.    Temperature Pres. DC (bar) Pressure (bar)   Constr. rmsd
   -3.85620e+05    2.99944e+02   -1.91281e+02   -5.73476e+02    1.33004e-06

           Step           Time
         166000       83.00000

   Energies (kJ/mol)
           Bond          Angle    Proper Dih. Per. Imp. Dih.      CMAP Dih.
    1.36926e+03    3.48577e+03    2.63749e+03    2.77930e+02    3.41963e+02
          LJ-14     Coulomb-14        LJ (SR)  Disper. corr.   Coulomb (SR)
    1.74220e+03    1.26713e+04    5.97154e+04   -3.49543e+03   -4.50072e+05
   Coul. recip. Position Rest.      Potential    Kinetic En.   Total Energy
    3.82501e+03    4.48429e+02   -3.67053e+05    5.94564e+04   -3.07596e+05
  Conserved En.    Temperature Pres. DC (bar) Pressure (bar)   Constr. rmsd
   -3.85615e+05    3.00587e+02   -1.91281e+02   -4.87441e+02    1.34257e-06

           Step           Time
         168000       84.00000

   Energies (kJ/mol)
           Bond          Angle    Proper Dih. Per. Imp. Dih.      CMAP Dih.
    1.35102e+03    3.57123e+03    2.60835e+03    2.28833e+02    4.07424e+02
          LJ-14     Coulomb-14        LJ (SR)  Disper. corr.   Coulomb (SR)
    1.71787e+03    1.25069e+04    6.05989e+04   -3.49543e+03   -4.51308e+05
   Coul. recip. Position Rest.      Potential    Kinetic En.   Total Energy
    3.88409e+03    4.66810e+02   -3.67462e+05    5.85967e+04   -3.08865e+05
  Conserved En.    Temperature Pres. DC (bar) Pressure (bar)   Constr. rmsd
   -3.85616e+05    2.96241e+02   -1.91281e+02   -3.73185e+02    1.37397e-06

           Step           Time
         170000       85.00000

   Energies (kJ/mol)
           Bond          Angle    Proper Dih. Per. Imp. Dih.      CMAP Dih.
    1.40522e+03    3.53080e+03    2.63944e+03    2.39698e+02    3.67805e+02
          LJ-14     Coulomb-14        LJ (SR)  Disper. corr.   Coulomb (SR)
    1.68555e+03    1.24867e+04    6.24172e+04   -3.49543e+03   -4.52747e+05
   Coul. recip. Position Rest.      Potential    Kinetic En.   Total Energy
    3.86913e+03    4.90560e+02   -3.67110e+05    5.87024e+04   -3.08408e+05
  Conserved En.    Temperature Pres. DC (bar) Pressure (bar)   Constr. rmsd
   -3.85615e+05    2.96775e+02   -1.91281e+02   -2.62704e+02    1.35769e-06

           Step           Time
         172000       86.00000

   Energies (kJ/mol)
           Bond          Angle    Proper Dih. Per. Imp. Dih.      CMAP Dih.
    1.28765e+03    3.41197e+03    2.61589e+03    2.26848e+02    3.78208e+02
          LJ-14     Coulomb-14        LJ (SR)  Disper. corr.   Coulomb (SR)
    1.70777e+03    1.26982e+04    6.12745e+04   -3.49543e+03   -4.52753e+05
   Coul. recip. Position Rest.      Potential    Kinetic En.   Total Energy
    3.81307e+03    4.87597e+02   -3.68346e+05    5.91630e+04   -3.09184e+05
  Conserved En.    Temperature Pres. DC (bar) Pressure (bar)   Constr. rmsd
   -3.85614e+05    2.99104e+02   -1.91281e+02   -2.70849e+02    1.32277e-06

           Step           Time
         174000       87.00000

   Energies (kJ/mol)
           Bond          Angle    Proper Dih. Per. Imp. Dih.      CMAP Dih.
    1.47334e+03    3.46314e+03    2.61435e+03    2.51595e+02    3.79405e+02
          LJ-14     Coulomb-14        LJ (SR)  Disper. corr.   Coulomb (SR)
    1.77263e+03    1.26486e+04    6.16784e+04   -3.49543e+03   -4.53173e+05
   Coul. recip. Position Rest.      Potential    Kinetic En.   Total Energy
    3.77801e+03    4.95516e+02   -3.68114e+05    5.88203e+04   -3.09293e+05
  Conserved En.    Temperature Pres. DC (bar) Pressure (bar)   Constr. rmsd
   -3.85611e+05    2.97371e+02   -1.91281e+02   -1.80663e+02    1.30343e-06

           Step           Time
         176000       88.00000

   Energies (kJ/mol)
           Bond          Angle    Proper Dih. Per. Imp. Dih.      CMAP Dih.
    1.40354e+03    3.44176e+03    2.57791e+03    2.35900e+02    3.65377e+02
          LJ-14     Coulomb-14        LJ (SR)  Disper. corr.   Coulomb (SR)
    1.70538e+03    1.26391e+04    6.03242e+04   -3.49543e+03   -4.50972e+05
   Coul. recip. Position Rest.      Potential    Kinetic En.   Total Energy
    3.83867e+03    4.92302e+02   -3.67444e+05    5.89596e+04   -3.08484e+05
  Conserved En.    Temperature Pres. DC (bar) Pressure (bar)   Constr. rmsd
   -3.85611e+05    2.98075e+02   -1.91281e+02   -4.73559e+02    1.34837e-06

           Step           Time
         178000       89.00000

   Energies (kJ/mol)
           Bond          Angle    Proper Dih. Per. Imp. Dih.      CMAP Dih.
    1.36643e+03    3.61570e+03    2.62414e+03    2.46904e+02    3.82073e+02
          LJ-14     Coulomb-14        LJ (SR)  Disper. corr.   Coulomb (SR)
    1.72331e+03    1.26532e+04    6.01379e+04   -3.49543e+03   -4.51209e+05
   Coul. recip. Position Rest.      Potential    Kinetic En.   Total Energy
    3.83708e+03    4.88198e+02   -3.67630e+05    5.89731e+04   -3.08657e+05
  Conserved En.    Temperature Pres. DC (bar) Pressure (bar)   Constr. rmsd
   -3.85610e+05    2.98144e+02   -1.91281e+02   -5.54856e+02    1.34281e-06

           Step           Time
         180000       90.00000

   Energies (kJ/mol)
           Bond          Angle    Proper Dih. Per. Imp. Dih.      CMAP Dih.
    1.45098e+03    3.49721e+03    2.60109e+03    2.28707e+02    3.55233e+02
          LJ-14     Coulomb-14        LJ (SR)  Disper. corr.   Coulomb (SR)
    1.72977e+03    1.27240e+04    6.06349e+04   -3.49543e+03   -4.51508e+05
   Coul. recip. Position Rest.      Potential    Kinetic En.   Total Energy
    3.87756e+03    5.43359e+02   -3.67361e+05    5.90082e+04   -3.08352e+05
  Conserved En.    Temperature Pres. DC (bar) Pressure (bar)   Constr. rmsd
   -3.85608e+05    2.98321e+02   -1.91281e+02   -4.72533e+02    1.29877e-06

           Step           Time
         182000       91.00000

   Energies (kJ/mol)
           Bond          Angle    Proper Dih. Per. Imp. Dih.      CMAP Dih.
    1.37022e+03    3.58927e+03    2.58966e+03    2.08821e+02    3.74760e+02
          LJ-14     Coulomb-14        LJ (SR)  Disper. corr.   Coulomb (SR)
    1.71481e+03    1.25288e+04    6.16205e+04   -3.49543e+03   -4.52365e+05
   Coul. recip. Position Rest.      Potential    Kinetic En.   Total Energy
    3.81628e+03    5.36804e+02   -3.67510e+05    5.95337e+04   -3.07976e+05
  Conserved En.    Temperature Pres. DC (bar) Pressure (bar)   Constr. rmsd
   -3.85605e+05    3.00978e+02   -1.91281e+02   -1.95451e+02    1.33816e-06

           Step           Time
         184000       92.00000

   Energies (kJ/mol)
           Bond          Angle    Proper Dih. Per. Imp. Dih.      CMAP Dih.
    1.34557e+03    3.38063e+03    2.61142e+03    2.27976e+02    3.53348e+02
          LJ-14     Coulomb-14        LJ (SR)  Disper. corr.   Coulomb (SR)
    1.74770e+03    1.26264e+04    6.01646e+04   -3.49543e+03   -4.50611e+05
   Coul. recip. Position Rest.      Potential    Kinetic En.   Total Energy
    3.81750e+03    5.67512e+02   -3.67264e+05    5.93726e+04   -3.07891e+05
  Conserved En.    Temperature Pres. DC (bar) Pressure (bar)   Constr. rmsd
   -3.85605e+05    3.00163e+02   -1.91281e+02   -4.07318e+02    1.40823e-06

           Step           Time
         186000       93.00000

   Energies (kJ/mol)
           Bond          Angle    Proper Dih. Per. Imp. Dih.      CMAP Dih.
    1.41360e+03    3.60442e+03    2.67396e+03    2.48578e+02    3.80186e+02
          LJ-14     Coulomb-14        LJ (SR)  Disper. corr.   Coulomb (SR)
    1.67066e+03    1.26454e+04    6.24767e+04   -3.49543e+03   -4.52980e+05
   Coul. recip. Position Rest.      Potential    Kinetic En.   Total Energy
    3.78692e+03    5.20838e+02   -3.67054e+05    5.89189e+04   -3.08136e+05
  Conserved En.    Temperature Pres. DC (bar) Pressure (bar)   Constr. rmsd
   -3.85602e+05    2.97870e+02   -1.91281e+02   -7.22798e+01    1.36382e-06

           Step           Time
         188000       94.00000

   Energies (kJ/mol)
           Bond          Angle    Proper Dih. Per. Imp. Dih.      CMAP Dih.
    1.34219e+03    3.52412e+03    2.72313e+03    2.46903e+02    3.37808e+02
          LJ-14     Coulomb-14        LJ (SR)  Disper. corr.   Coulomb (SR)
    1.72308e+03    1.26843e+04    6.18309e+04   -3.49543e+03   -4.53138e+05
   Coul. recip. Position Rest.      Potential    Kinetic En.   Total Energy
    3.75417e+03    4.64516e+02   -3.68002e+05    5.98172e+04   -3.08185e+05
  Conserved En.    Temperature Pres. DC (bar) Pressure (bar)   Constr. rmsd
   -3.85604e+05    3.02411e+02   -1.91281e+02   -2.38740e+02    1.38039e-06

           Step           Time
         190000       95.00000

   Energies (kJ/mol)
           Bond          Angle    Proper Dih. Per. Imp. Dih.      CMAP Dih.
    1.38324e+03    3.63653e+03    2.59802e+03    2.54142e+02    3.67665e+02
          LJ-14     Coulomb-14        LJ (SR)  Disper. corr.   Coulomb (SR)
    1.72283e+03    1.26284e+04    6.13421e+04   -3.49543e+03   -4.52188e+05
   Coul. recip. Position Rest.      Potential    Kinetic En.   Total Energy
    3.79141e+03    4.90285e+02   -3.67469e+05    5.89612e+04   -3.08508e+05
  Conserved En.    Temperature Pres. DC (bar) Pressure (bar)   Constr. rmsd
   -3.85600e+05    2.98083e+02   -1.91281e+02   -2.64883e+02    1.32537e-06

           Step           Time
         192000       96.00000

   Energies (kJ/mol)
           Bond          Angle    Proper Dih. Per. Imp. Dih.      CMAP Dih.
    1.37060e+03    3.55299e+03    2.62797e+03    2.39605e+02    3.73907e+02
          LJ-14     Coulomb-14        LJ (SR)  Disper. corr.   Coulomb (SR)
    1.74933e+03    1.26030e+04    6.06929e+04   -3.49543e+03   -4.51935e+05
   Coul. recip. Position Rest.      Potential    Kinetic En.   Total Energy
    3.73136e+03    5.20807e+02   -3.67968e+05    5.89366e+04   -3.09031e+05
  Conserved En.    Temperature Pres. DC (bar) Pressure (bar)   Constr. rmsd
   -3.85599e+05    2.97959e+02   -1.91281e+02   -2.99204e+02    1.38705e-06

           Step           Time
         194000       97.00000

   Energies (kJ/mol)
           Bond          Angle    Proper Dih. Per. Imp. Dih.      CMAP Dih.
    1.24686e+03    3.56572e+03    2.69997e+03    2.53124e+02    3.50337e+02
          LJ-14     Coulomb-14        LJ (SR)  Disper. corr.   Coulomb (SR)
    1.69597e+03    1.24327e+04    6.03891e+04   -3.49543e+03   -4.51245e+05
   Coul. recip. Position Rest.      Potential    Kinetic En.   Total Energy
    3.82318e+03    5.00543e+02   -3.67783e+05    5.88729e+04   -3.08910e+05
  Conserved En.    Temperature Pres. DC (bar) Pressure (bar)   Constr. rmsd
   -3.85596e+05    2.97637e+02   -1.91281e+02   -4.73341e+02    1.36629e-06

           Step           Time
         196000       98.00000

   Energies (kJ/mol)
           Bond          Angle    Proper Dih. Per. Imp. Dih.      CMAP Dih.
    1.34127e+03    3.52521e+03    2.62828e+03    2.00790e+02    3.71517e+02
          LJ-14     Coulomb-14        LJ (SR)  Disper. corr.   Coulomb (SR)
    1.67046e+03    1.26602e+04    6.12988e+04   -3.49543e+03   -4.52694e+05
   Coul. recip. Position Rest.      Potential    Kinetic En.   Total Energy
    3.75891e+03    4.72527e+02   -3.68262e+05    5.85572e+04   -3.09704e+05
  Conserved En.    Temperature Pres. DC (bar) Pressure (bar)   Constr. rmsd
   -3.85594e+05    2.96041e+02   -1.91281e+02   -3.19086e+02    1.38509e-06

           Step           Time
         198000       99.00000

   Energies (kJ/mol)
           Bond          Angle    Proper Dih. Per. Imp. Dih.      CMAP Dih.
    1.31904e+03    3.43102e+03    2.60573e+03    2.64172e+02    3.21373e+02
          LJ-14     Coulomb-14        LJ (SR)  Disper. corr.   Coulomb (SR)
    1.72863e+03    1.26437e+04    6.10180e+04   -3.49543e+03   -4.52773e+05
   Coul. recip. Position Rest.      Potential    Kinetic En.   Total Energy
    3.70557e+03    4.82824e+02   -3.68749e+05    5.83210e+04   -3.10428e+05
  Conserved En.    Temperature Pres. DC (bar) Pressure (bar)   Constr. rmsd
   -3.85593e+05    2.94847e+02   -1.91281e+02   -3.49783e+02    1.32394e-06

           Step           Time
         200000      100.00000

Writing checkpoint, step 200000 at Mon Nov 10 10:12:52 2025


   Energies (kJ/mol)
           Bond          Angle    Proper Dih. Per. Imp. Dih.      CMAP Dih.
    1.26212e+03    3.49925e+03    2.64175e+03    2.22181e+02    3.65363e+02
          LJ-14     Coulomb-14        LJ (SR)  Disper. corr.   Coulomb (SR)
    1.70573e+03    1.26679e+04    6.05060e+04   -3.49543e+03   -4.52415e+05
   Coul. recip. Position Rest.      Potential    Kinetic En.   Total Energy
    3.75450e+03    5.07316e+02   -3.68778e+05    5.80468e+04   -3.10732e+05
  Conserved En.    Temperature Pres. DC (bar) Pressure (bar)   Constr. rmsd
   -3.85592e+05    2.93461e+02   -1.91281e+02   -5.60769e+02    1.41495e-06


Energy conservation over simulation part #1 of length 100 ps, time 0 to 100 ps
  Conserved energy drift: 5.43e-05 kJ/mol/ps per atom


	<======  ###############  ==>
	<====  A V E R A G E S  ====>
	<==  ###############  ======>

	Statistics over 200001 steps using 2001 frames

   Energies (kJ/mol)
           Bond          Angle    Proper Dih. Per. Imp. Dih.      CMAP Dih.
    1.37957e+03    3.47881e+03    2.62922e+03    2.30877e+02    3.61681e+02
          LJ-14     Coulomb-14        LJ (SR)  Disper. corr.   Coulomb (SR)
    1.71213e+03    1.26116e+04    6.15422e+04   -3.49543e+03   -4.53048e+05
   Coul. recip. Position Rest.      Potential    Kinetic En.   Total Energy
    3.83454e+03    5.08054e+02   -3.68254e+05    5.81135e+04   -3.10141e+05
  Conserved En.    Temperature Pres. DC (bar) Pressure (bar)   Constr. rmsd
   -3.85666e+05    2.93798e+02   -1.91281e+02   -3.89467e+02    0.00000e+00

   Total Virial (kJ/mol)
    2.34782e+04   -2.25525e+02   -1.95392e+01
   -2.32381e+02    2.32316e+04    4.02981e+02
   -1.98929e+01    4.13338e+02    2.20968e+04

   Pressure (bar)
   -4.54380e+02    2.46341e+01    8.26268e-01
    2.53832e+01   -4.24013e+02   -4.75437e+01
    8.64922e-01   -4.86754e+01   -2.90008e+02

      T-ProteinT-Water_and_ions
    2.93220e+02    2.93859e+02


	M E G A - F L O P S   A C C O U N T I N G

 NB=Group-cutoff nonbonded kernels    NxN=N-by-N cluster Verlet kernels
 RF=Reaction-Field  VdW=Van der Waals  QSTab=quadratic-spline table
 W3=SPC/TIP3p  W4=TIP4p (single or pairs)
 V&F=Potential and force  V=Potential only  F=Force only

 Computing:                               M-Number         M-Flops  % Flops
-----------------------------------------------------------------------------
 Pair Search distance check            4924.939824       44324.458     0.0
 NxN Ewald Elec. + LJ [F]           3845516.380992   253804081.145    97.9
 NxN Ewald Elec. + LJ [V&F]           38863.158080     4158357.915     1.6
 1,4 nonbonded interactions             958.804794       86292.431     0.0
 Shift-X                                 60.914442         365.487     0.0
 Bonds                                  189.400947       11174.656     0.0
 Angles                                 662.803314      111350.957     0.0
 Propers                                874.604373      200284.401     0.1
 Impropers                               77.000385       16016.080     0.0
 Pos. Restr.                            185.000925        9250.046     0.0
 Virial                                  61.004487        1098.081     0.0
 Stop-CM                               1217.740884       12177.409     0.0
 Calc-Ekin                             2435.420884       65756.364     0.0
 Lincs                                  179.402691       10764.161     0.0
 Lincs-Mat                             2049.630744        8198.523     0.0
 Constraint-V                          4643.446434       41791.018     0.0
 Constraint-Vir                          44.662320        1071.896     0.0
 Settle                                1428.221423      528441.927     0.2
 Virtual Site 3                        1442.496282       53372.362     0.0
 CMAP                                    23.000115       39100.195     0.0
-----------------------------------------------------------------------------
 Total                                               259203269.513   100.0
-----------------------------------------------------------------------------


      R E A L   C Y C L E   A N D   T I M E   A C C O U N T I N G

On 1 MPI rank, each using 8 OpenMP threads

 Activity:              Num   Num      Call    Wall time         Giga-Cycles
                        Ranks Threads  Count      (s)         total sum    %
--------------------------------------------------------------------------------
 Vsite constr.             1    8     200001       6.085        121.695   5.5
 Neighbor search           1    8       2001       3.934         78.683   3.5
 Launch PP GPU ops.        1    8     200001       4.395         87.893   4.0
 Force                     1    8     200001      10.021        200.427   9.0
 PME GPU mesh              1    8     200001      19.493        389.864  17.5
 Wait Bonded GPU           1    8       2001       0.001          0.028   0.0
 Wait GPU NB local         1    8     200001      14.831        296.623  13.3
 NB X/F buffer ops.        1    8     398001      17.346        346.926  15.6
 Vsite spread              1    8     202002       2.875         57.501   2.6
 Write traj.               1    8         11       0.156          3.115   0.1
 Update                    1    8     200001       9.074        181.477   8.2
 Constraints               1    8     200003      13.261        265.216  11.9
 Rest                                              9.713        194.256   8.7
--------------------------------------------------------------------------------
 Total                                           111.184       2223.703 100.0
--------------------------------------------------------------------------------
 Breakdown of PME mesh activities
--------------------------------------------------------------------------------
 Wait PME GPU gather       1    8     200001       7.271        145.422   6.5
 Reduce GPU PME F          1    8     200001       3.155         63.098   2.8
 Launch PME GPU ops.       1    8    1600026       7.624        152.477   6.9
--------------------------------------------------------------------------------

               Core t (s)   Wall t (s)        (%)
       Time:      889.254      111.184      799.8
                 (ns/day)    (hour/ns)
Performance:       77.709        0.309
Finished mdrun on rank 0 Mon Nov 10 10:12:53 2025

